\BOOKMARK [1][-]{section.1}{\376\377\000I\000N\000F\000O\000R\000M\000A\000\307\000\325\000E\000S\000\040\000D\000O\000\040\000F\000A\000B\000R\000I\000C\000A\000N\000T\000E}{}% 1
\BOOKMARK [1][-]{section.2}{\376\377\000I\000N\000F\000O\000R\000M\000A\000\307\000\325\000E\000S\000\040\000D\000O\000\040\000F\000A\000B\000R\000I\000C\000A\000N\000T\000E}{}% 2
\BOOKMARK [1][-]{section.3}{\376\377\000I\000N\000F\000O\000R\000M\000A\000\307\000\325\000E\000S\000\040\000D\000A\000\040\000M\000\301\000Q\000U\000I\000N\000A}{}% 3
\BOOKMARK [1][-]{section.4}{\376\377\000I\000N\000F\000O\000R\000M\000A\000\307\000\325\000E\000S\000\040\000D\000A\000\040\000M\000\301\000Q\000U\000I\000N\000A}{}% 4
\BOOKMARK [1][-]{section.5}{\376\377\000N\000O\000R\000M\000A\000S\000\040\000A\000P\000L\000I\000C\000A\000D\000A\000S\000\040\000N\000A\000\040\000M\000A\000N\000U\000F\000A\000T\000U\000R\000A\000\040\000D\000A\000\040\000M\000\301\000Q\000U\000I\000N\000A}{}% 5
\BOOKMARK [1][-]{section.6}{\376\377\000D\000E\000S\000C\000R\000I\000\307\000\303\000O\000\040\000D\000E\000T\000A\000L\000H\000A\000D\000A\000\040\000D\000A\000\040\000M\000\301\000Q\000U\000I\000N\000A\000\040\000E\000\040\000O\000U\000\040\000E\000Q\000U\000I\000P\000A\000M\000E\000N\000T\000O}{}% 6
\BOOKMARK [1][-]{section.7}{\376\377\000D\000E\000S\000C\000R\000I\000\307\000\303\000O\000\040\000D\000E\000T\000A\000L\000H\000A\000D\000A\000\040\000D\000A\000\040\000E\000X\000P\000O\000S\000I\000\307\000\303\000O\000\040\000\300\000\040\000R\000I\000S\000C\000O\000S\000\040\000E\000\040\000M\000E\000D\000I\000D\000A\000S\000\040\000D\000E\000\040\000S\000E\000G\000U\000R\000A\000N\000\307\000A}{}% 7
\BOOKMARK [2][-]{subsection.7.1}{\376\377\000R\000e\000g\000r\000a\000s\000\040\000g\000e\000r\000a\000i\000s\000\040\000d\000e\000\040\000s\000e\000g\000u\000r\000a\000n\000\347\000a}{section.7}% 8
\BOOKMARK [2][-]{subsection.7.2}{\376\377\000P\000a\000r\000t\000i\000d\000a\000\040\000d\000a\000\040\000M\000\341\000q\000u\000i\000n\000a}{section.7}% 9
\BOOKMARK [2][-]{subsection.7.3}{\376\377\000D\000e\000s\000l\000o\000c\000a\000m\000e\000n\000t\000o\000s\000\040\000d\000a\000s\000\040\000u\000n\000i\000d\000a\000d\000e\000s}{section.7}% 10
\BOOKMARK [2][-]{subsection.7.4}{\376\377\000L\000i\000m\000p\000e\000z\000a\000\040\000d\000e\000\040\000c\000l\000i\000c\000h\000\352\000s}{section.7}% 11
\BOOKMARK [2][-]{subsection.7.5}{\376\377\000L\000i\000m\000p\000e\000z\000a\000\040\000e\000\040\000m\000a\000n\000u\000t\000e\000n\000\347\000\343\000o}{section.7}% 12
\BOOKMARK [1][-]{section.8}{\376\377\000D\000e\000s\000c\000r\000i\000\347\000\343\000o\000\040\000d\000a\000s\000\040\000t\000e\000l\000a\000s}{}% 13
\BOOKMARK [2][-]{subsection.8.1}{\376\377\000A\000j\000u\000d\000a\000\040\000t\000e\000l\000a\000\040\000P\000r\000i\000n\000c\000i\000p\000a\000l}{section.8}% 14
\BOOKMARK [2][-]{subsection.8.2}{\376\377\000G\000r\000\341\000f\000i\000c\000o\000s\000\040\000d\000e\000\040\000v\000e\000l\000o\000c\000i\000d\000a\000d\000e\000\040\000e\000\040\000p\000r\000o\000d\000u\000\347\000\343\000o}{section.8}% 15
\BOOKMARK [2][-]{subsection.8.3}{\376\377\000I\000n\000f\000o\000r\000m\000a\000\347\000\365\000e\000s\000\040\000d\000a\000s\000\040\000i\000m\000p\000r\000e\000s\000s\000o\000r\000a\000s}{section.8}% 16
\BOOKMARK [2][-]{subsection.8.4}{\376\377\000\332\000l\000t\000i\000m\000o\000s\000\040\000p\000e\000d\000i\000d\000o\000s}{section.8}% 17
\BOOKMARK [2][-]{subsection.8.5}{\376\377\000\332\000l\000t\000i\000m\000o\000s\000\040\000p\000e\000d\000i\000d\000o\000s}{section.8}% 18
\BOOKMARK [2][-]{subsection.8.6}{\376\377\000P\000r\000o\000d\000u\000\347\000\343\000o\000\040\000a\000t\000u\000a\000l}{section.8}% 19
\BOOKMARK [2][-]{subsection.8.7}{\376\377\000T\000e\000l\000a\000\040\000d\000e\000\040\000c\000o\000m\000a\000n\000d\000o\000s\000\040\000d\000a\000\040\000m\000\341\000q\000u\000i\000n\000a}{section.8}% 20
\BOOKMARK [2][-]{subsection.8.8}{\376\377\000V\000e\000l\000o\000c\000i\000d\000a\000d\000e\000\040\000d\000a\000\040\000m\000\341\000q\000u\000i\000n\000a}{section.8}% 21
\BOOKMARK [2][-]{subsection.8.9}{\376\377\000A\000c\000i\000o\000n\000a\000m\000e\000n\000t\000o\000\040\000d\000a\000\040\000m\000\341\000q\000u\000i\000n\000a}{section.8}% 22
\BOOKMARK [2][-]{subsection.8.10}{\376\377\000E\000x\000e\000c\000u\000t\000a\000\040\000p\000o\000n\000t\000o\000\040\000z\000e\000r\000o\000\040\000g\000e\000r\000a\000l}{section.8}% 23
\BOOKMARK [2][-]{subsection.8.11}{\376\377\000H\000a\000b\000i\000l\000i\000t\000a\000\040\000m\000\341\000q\000u\000i\000n\000a}{section.8}% 24
\BOOKMARK [2][-]{subsection.8.12}{\376\377\000H\000a\000b\000i\000l\000i\000t\000a\000\040\000v\000\341\000c\000u\000o\000\040\000t\000r\000a\000n\000s\000p\000o\000r\000t\000e}{section.8}% 25
\BOOKMARK [2][-]{subsection.8.13}{\376\377\000H\000a\000b\000i\000l\000i\000t\000a\000\040\000s\000k\000i\000p\000\040\000f\000e\000e\000d}{section.8}% 26
\BOOKMARK [2][-]{subsection.8.14}{\376\377\000L\000i\000g\000a\000\040\000c\000o\000n\000t\000r\000o\000l\000e\000\040\000d\000o\000\040\000e\000m\000b\000u\000c\000h\000a\000m\000e\000n\000t\000o}{section.8}% 27
\BOOKMARK [2][-]{subsection.8.15}{\376\377\000T\000e\000l\000a\000\040\000d\000e\000\040\000c\000o\000m\000a\000n\000d\000o\000\040\000A\000l\000i\000m\000e\000n\000t\000a\000\347\000\343\000o}{section.8}% 28
\BOOKMARK [2][-]{subsection.8.16}{\376\377\000A\000l\000i\000m\000e\000n\000t\000a\000\347\000\343\000o\000\040\000m\000a\000n\000u\000a\000l\000\040\000d\000a\000\040\000m\000\341\000q\000u\000i\000n\000a}{section.8}% 29
\BOOKMARK [2][-]{subsection.8.17}{\376\377\000A\000l\000i\000m\000e\000n\000t\000a\000\347\000\343\000o\000\040\000a\000u\000t\000o\000m\000\341\000t\000i\000c\000a\000\040\000d\000a\000\040\000m\000\341\000q\000u\000i\000n\000a}{section.8}% 30
\BOOKMARK [2][-]{subsection.8.18}{\376\377\000H\000a\000b\000i\000l\000i\000t\000a\000\040\000v\000\341\000c\000u\000o\000\040\000t\000r\000a\000n\000s\000p\000o\000r\000t\000e}{section.8}% 31
\BOOKMARK [2][-]{subsection.8.19}{\376\377\000H\000a\000b\000i\000l\000i\000t\000a\000\040\000v\000\341\000c\000u\000o\000\040\000a\000l\000i\000m\000e\000n\000t\000a\000\347\000\343\000o}{section.8}% 32
\BOOKMARK [2][-]{subsection.8.20}{\376\377\000E\000x\000e\000c\000u\000t\000a\000\040\000p\000o\000n\000t\000o\000\040\000z\000e\000r\000o\000\040\000L\000a\000n\000\347\000a\000d\000o\000r\000\040\000d\000e\000\040\000C\000a\000i\000x\000a\000s}{section.8}% 33
\BOOKMARK [2][-]{subsection.8.21}{\376\377\000H\000a\000b\000i\000l\000i\000t\000a\000\040\000a\000l\000i\000m\000e\000n\000t\000a\000\347\000\343\000o\000\040\000d\000e\000\040\000c\000h\000a\000p\000a\000s}{section.8}% 34
\BOOKMARK [2][-]{subsection.8.22}{\376\377\000T\000r\000a\000v\000a\000\040\000u\000n\000i\000d\000a\000d\000e\000\040\000a\000l\000i\000m\000e\000n\000t\000a\000\347\000\343\000o}{section.8}% 35
\BOOKMARK [2][-]{subsection.8.23}{\376\377\000H\000a\000b\000i\000l\000i\000t\000a\000\040\000b\000a\000r\000r\000a\000\040\000e\000l\000e\000t\000r\000o\000s\000t\000\341\000t\000i\000c\000a}{section.8}% 36
\BOOKMARK [2][-]{subsection.8.24}{\376\377\000V\000i\000s\000\343\000o\000\040\000g\000e\000r\000a\000l\000\040\000d\000o\000s\000\040\000c\000o\000m\000a\000n\000d\000o\000s\000\040\000n\000a\000s\000\040\000i\000m\000p\000r\000e\000s\000s\000o\000r\000a\000s}{section.8}% 37
\BOOKMARK [2][-]{subsection.8.25}{\376\377\000A\000p\000r\000o\000x\000i\000m\000a\000\347\000\343\000o\000\040\000d\000o\000\040\000a\000n\000i\000l\000o\000x\000\040\000b\000l\000o\000q\000u\000e\000a\000d\000a}{section.8}% 38
\BOOKMARK [2][-]{subsection.8.26}{\376\377\000V\000e\000n\000t\000i\000l\000a\000d\000o\000r\000\040\000d\000e\000\040\000v\000\341\000c\000u\000o\000\040\000h\000a\000b\000i\000l\000i\000t\000a\000d\000o}{section.8}% 39
\BOOKMARK [2][-]{subsection.8.27}{\376\377\000R\000o\000l\000o\000\040\000a\000n\000i\000l\000o\000x\000\040\000h\000a\000b\000i\000l\000i\000t\000a\000d\000o}{section.8}% 40
\BOOKMARK [2][-]{subsection.8.28}{\376\377\000L\000a\000v\000a\000g\000e\000m\000\040\000d\000e\000\040\000t\000i\000n\000t\000a\000\040\000h\000a\000b\000i\000l\000i\000t\000a\000d\000a}{section.8}% 41
\BOOKMARK [2][-]{subsection.8.29}{\376\377\000U\000n\000i\000d\000a\000d\000e\000\040\000t\000r\000a\000v\000a\000d\000a}{section.8}% 42
\BOOKMARK [2][-]{subsection.8.30}{\376\377\000A\000c\000e\000s\000s\000o\000\040\000\340\000\040\000t\000e\000l\000a\000\040\000d\000e\000\040\000c\000o\000m\000a\000m\000n\000d\000o\000\040\000d\000a\000\040\000u\000n\000i\000d\000a\000d\000e}{section.8}% 43
\BOOKMARK [2][-]{subsection.8.31}{\376\377\000V\000e\000l\000o\000c\000i\000d\000a\000d\000e\000\040\000d\000a\000\040\000m\000\341\000q\000u\000i\000n\000a}{section.8}% 44
\BOOKMARK [2][-]{subsection.8.32}{\376\377\000E\000x\000e\000c\000u\000t\000a\000\040\000l\000a\000v\000a\000g\000e\000m\000\040\000d\000e\000\040\000t\000i\000n\000t\000a}{section.8}% 45
\BOOKMARK [2][-]{subsection.8.33}{\376\377\000T\000r\000a\000v\000a\000\040\000i\000m\000p\000r\000e\000s\000s\000o\000r\000a}{section.8}% 46
\BOOKMARK [2][-]{subsection.8.34}{\376\377\000H\000a\000b\000i\000l\000i\000t\000a\000\040\000g\000i\000r\000o\000\040\000r\000o\000l\000o\000\040\000a\000n\000i\000l\000o\000x}{section.8}% 47
\BOOKMARK [2][-]{subsection.8.35}{\376\377\000E\000x\000e\000c\000u\000t\000a\000\040\000p\000o\000n\000t\000o\000\040\000z\000e\000r\000o}{section.8}% 48
\BOOKMARK [2][-]{subsection.8.36}{\376\377\000L\000i\000g\000a\000\040\000b\000o\000m\000b\000a\000\040\000d\000e\000\040\000t\000i\000n\000t\000a}{section.8}% 49
\BOOKMARK [2][-]{subsection.8.37}{\376\377\000H\000a\000b\000i\000l\000i\000t\000a\000\040\000i\000m\000p\000r\000e\000s\000s\000o\000r\000a}{section.8}% 50
\BOOKMARK [2][-]{subsection.8.38}{\376\377\000V\000e\000l\000o\000c\000i\000d\000a\000d\000e\000\040\000d\000a\000\040\000m\000\341\000q\000u\000i\000n\000a}{section.8}% 51
\BOOKMARK [2][-]{subsection.8.39}{\376\377\000T\000r\000a\000v\000a\000\040\000u\000n\000i\000d\000a\000d\000e\000\040\000T\000r\000a\000n\000s\000p\000o\000r\000t\000e}{section.8}% 52
\BOOKMARK [2][-]{subsection.8.40}{\376\377\000A\000j\000u\000s\000t\000e\000\040\000d\000e\000\040\000p\000r\000e\000s\000s\000\343\000o\000\040\000n\000o\000\040\000P\000o\000r\000t\000a\000\040\000M\000a\000n\000t\000a}{section.8}% 53
\BOOKMARK [2][-]{subsection.8.41}{\376\377\000E\000x\000e\000c\000u\000t\000a\000\040\000p\000o\000n\000t\000o\000\040\000z\000e\000r\000o}{section.8}% 54
\BOOKMARK [2][-]{subsection.8.42}{\376\377\000T\000r\000a\000v\000a\000\040\000u\000n\000i\000d\000a\000d\000e\000\040\000C\000o\000r\000t\000e\000\040\000e\000\040\000V\000i\000n\000c\000o\000\040\000n\000a\000\040\000u\000n\000i\000d\000a\000d\000e\000\040\000B\000a\000t\000e\000d\000o\000r}{section.8}% 55
\BOOKMARK [2][-]{subsection.8.43}{\376\377\000H\000a\000b\000i\000l\000i\000t\000a\000\040\000t\000r\000a\000n\000s\000p\000o\000r\000t\000e\000\040\000d\000e\000\040\000r\000e\000f\000i\000l\000e\000s}{section.8}% 56
\BOOKMARK [2][-]{subsection.8.44}{\376\377\000A\000j\000u\000s\000t\000e\000\040\000m\000a\000n\000u\000a\000l\000\040\000d\000o\000\040\000B\000a\000t\000e\000d\000o\000r}{section.8}% 57
\BOOKMARK [2][-]{subsection.8.45}{\376\377\000A\000j\000u\000s\000t\000e\000\040\000m\000a\000n\000u\000a\000l\000\040\000d\000o\000\040\000B\000a\000t\000e\000d\000o\000r}{section.8}% 58
\BOOKMARK [2][-]{subsection.8.46}{\376\377\000L\000i\000g\000a\000\040\000v\000e\000n\000t\000i\000l\000a\000d\000o\000r\000e\000s}{section.8}% 59
\BOOKMARK [2][-]{subsection.8.47}{\376\377\000S\000e\000l\000e\000c\000i\000o\000n\000a\000\040\000t\000o\000d\000a\000s\000\040\000a\000s\000\040\000g\000u\000i\000a\000s\000\040\000d\000o\000\040\000B\000a\000t\000e\000d\000o\000r}{section.8}% 60
\BOOKMARK [2][-]{subsection.8.48}{\376\377\000H\000a\000b\000i\000l\000i\000t\000a\000\040\000r\000o\000l\000o\000\040\000b\000a\000t\000e\000d\000o\000r}{section.8}% 61
\BOOKMARK [2][-]{subsection.8.49}{\376\377\000D\000e\000s\000s\000e\000l\000e\000c\000i\000o\000n\000a\000\040\000t\000o\000d\000a\000s\000\040\000a\000s\000\040\000g\000u\000i\000a\000s\000\040\000d\000o\000\040\000B\000a\000t\000e\000d\000o\000r}{section.8}% 62
\BOOKMARK [2][-]{subsection.8.50}{\376\377\000V\000e\000l\000o\000c\000i\000d\000a\000d\000e\000\040\000d\000a\000\040\000m\000\341\000q\000u\000i\000n\000a}{section.8}% 63
\BOOKMARK [2][-]{subsection.8.51}{\376\377\000H\000a\000b\000i\000l\000i\000t\000a\000\040\000v\000e\000n\000t\000i\000l\000a\000d\000o\000r\000\040\0002}{section.8}% 64
\BOOKMARK [2][-]{subsection.8.52}{\376\377\000D\000e\000s\000a\000b\000i\000l\000i\000t\000a\000\040\000v\000e\000n\000t\000i\000l\000a\000d\000o\000r\000\040\0001}{section.8}% 65
\BOOKMARK [2][-]{subsection.8.53}{\376\377\000E\000x\000e\000c\000u\000t\000a\000\040\000p\000o\000n\000t\000o\000\040\000z\000e\000r\000o\000\040\000d\000a\000\040\000u\000n\000i\000d\000a\000d\000e}{section.8}% 66
\BOOKMARK [2][-]{subsection.8.54}{\376\377\000H\000a\000b\000i\000l\000i\000t\000a\000\040\000r\000o\000l\000e\000t\000e\000s}{section.8}% 67
\BOOKMARK [2][-]{subsection.8.55}{\376\377\000H\000a\000b\000i\000l\000i\000t\000a\000\040\000m\000o\000v\000i\000m\000e\000n\000t\000o\000\040\000d\000o\000s\000\040\000e\000i\000x\000o\000s}{section.8}% 68
\BOOKMARK [2][-]{subsection.8.56}{\376\377\000E\000x\000e\000c\000u\000t\000a\000\040\000p\000o\000n\000t\000o\000\040\000z\000e\000r\000o\000\040\000a\000l\000t\000u\000r\000a\000\040\000b\000a\000t\000e\000n\000t\000e\000\040\000d\000a\000s\000\040\000c\000a\000i\000x\000a\000s}{section.8}% 69
\BOOKMARK [2][-]{subsection.8.57}{\376\377\000H\000a\000b\000i\000l\000i\000t\000a\000\040\000f\000u\000n\000\347\000\343\000o\000\040\000J\000o\000g}{section.8}% 70
\BOOKMARK [2][-]{subsection.8.58}{\376\377\000M\000o\000v\000i\000m\000e\000n\000t\000o\000\040\000i\000n\000c\000i\000a\000l\000\040\000d\000o\000s\000\040\000e\000i\000x\000o\000s}{section.8}% 71
\BOOKMARK [2][-]{subsection.8.59}{\376\377\000D\000e\000s\000c\000a\000r\000t\000a\000\040\000p\000i\000l\000h\000a}{section.8}% 72
\BOOKMARK [2][-]{subsection.8.60}{\376\377\000D\000e\000s\000a\000b\000i\000l\000i\000t\000a\000\040\000m\000o\000d\000o\000\040\000e\000m\000b\000u\000c\000h\000a\000m\000e\000n\000t\000o}{section.8}% 73
\BOOKMARK [2][-]{subsection.8.61}{\376\377\000S\000e\000p\000a\000r\000a\000\040\000p\000i\000l\000h\000a}{section.8}% 74
\BOOKMARK [2][-]{subsection.8.62}{\376\377\000T\000e\000l\000a\000\040\000d\000e\000\040\000c\000o\000n\000f\000i\000g\000u\000r\000a\000\347\000\365\000e\000s\000\040\000A\000l\000i\000m\000e\000n\000t\000a\000\347\000\343\000o}{section.8}% 75
\BOOKMARK [2][-]{subsection.8.63}{\376\377\000A\000t\000r\000a\000s\000o\000\040\000l\000a\000n\000\347\000a\000m\000e\000n\000t\000o}{section.8}% 76
\BOOKMARK [2][-]{subsection.8.64}{\376\377\000P\000r\000e\000s\000s\000\343\000o\000\040\000r\000o\000l\000o\000\040\000p\000u\000x\000a\000d\000o\000r}{section.8}% 77
\BOOKMARK [2][-]{subsection.8.65}{\376\377\000V\000i\000s\000t\000a\000\040\000g\000e\000r\000a\000l\000\040\000d\000o\000s\000\040\000a\000j\000u\000s\000t\000e\000s\000\040\000d\000a\000s\000\040\000i\000m\000p\000r\000e\000s\000s\000o\000r\000a\000s}{section.8}% 78
\BOOKMARK [2][-]{subsection.8.66}{\376\377\000A\000p\000r\000o\000x\000i\000m\000a\000\347\000\343\000o\000\040\000d\000o\000\040\000a\000n\000i\000l\000o\000x\000\040\000b\000l\000o\000q\000u\000e\000a\000d\000a}{section.8}% 79
\BOOKMARK [2][-]{subsection.8.67}{\376\377\000R\000e\000g\000i\000s\000t\000r\000o\000\040\000a\000t\000u\000a\000l}{section.8}% 80
\BOOKMARK [2][-]{subsection.8.68}{\376\377\000A\000j\000u\000s\000t\000e\000\040\000a\000x\000i\000a\000l\000\040\000d\000o\000\040\000C\000l\000i\000c\000h\000\352}{section.8}% 81
\BOOKMARK [2][-]{subsection.8.69}{\376\377\000P\000r\000e\000s\000s\000\343\000o\000\040\000c\000a\000i\000x\000a\000\040\000d\000e\000\040\000v\000\341\000c\000u\000o}{section.8}% 82
\BOOKMARK [2][-]{subsection.8.70}{\376\377\000P\000r\000e\000s\000s\000\343\000o\000\040\000a\000n\000i\000l\000o\000x}{section.8}% 83
\BOOKMARK [2][-]{subsection.8.71}{\376\377\000I\000n\000t\000e\000n\000s\000i\000d\000a\000d\000e\000\040\000d\000o\000\040\000v\000\341\000c\000u\000o}{section.8}% 84
\BOOKMARK [2][-]{subsection.8.72}{\376\377\000T\000e\000m\000p\000o\000\040\000a\000t\000i\000v\000o\000\040\000d\000a\000\040\000l\000a\000v\000a\000g\000e\000m\000\040\000d\000e\000\040\000t\000i\000n\000t\000a}{section.8}% 85
\BOOKMARK [2][-]{subsection.8.73}{\376\377\000A\000j\000u\000s\000t\000e\000\040\000i\000n\000d\000i\000v\000i\000d\000u\000a\000l\000\040\000d\000a\000\040\000u\000n\000i\000d\000a\000d\000e}{section.8}% 86
\BOOKMARK [2][-]{subsection.8.74}{\376\377\000A\000x\000i\000a\000l\000\040\000p\000o\000r\000t\000a\000\040\000c\000l\000i\000c\000h\000\352}{section.8}% 87
\BOOKMARK [2][-]{subsection.8.75}{\376\377\000P\000r\000e\000s\000s\000\343\000o\000\040\000c\000a\000i\000x\000a\000\040\000d\000e\000\040\000v\000\341\000c\000u\000o}{section.8}% 88
\BOOKMARK [2][-]{subsection.8.76}{\376\377\000R\000a\000d\000i\000a\000l\000\040\000p\000o\000r\000t\000a\000\040\000c\000l\000i\000c\000h\000\352}{section.8}% 89
\BOOKMARK [2][-]{subsection.8.77}{\376\377\000P\000r\000e\000s\000s\000\343\000o\000\040\000r\000o\000l\000o\000\040\000a\000n\000i\000l\000o\000x}{section.8}% 90
\BOOKMARK [2][-]{subsection.8.78}{\376\377\000L\000a\000v\000a\000g\000e\000m\000\040\000d\000e\000\040\000t\000i\000n\000t\000a}{section.8}% 91
\BOOKMARK [2][-]{subsection.8.79}{\376\377\000R\000a\000d\000i\000a\000l\000\040\000p\000o\000r\000t\000a\000\040\000c\000l\000i\000c\000h\000\352}{section.8}% 92
\BOOKMARK [2][-]{subsection.8.80}{\376\377\000P\000r\000e\000s\000s\000\343\000o\000\040\000c\000a\000i\000x\000a\000\040\000d\000e\000\040\000v\000\341\000c\000u\000o}{section.8}% 93
\BOOKMARK [2][-]{subsection.8.81}{\376\377\000V\000e\000n\000t\000i\000l\000a\000d\000o\000r\000\040\000d\000e\000\040\000v\000\341\000c\000u\000o}{section.8}% 94
\BOOKMARK [2][-]{subsection.8.82}{\376\377\000A\000x\000i\000a\000l\000\040\000p\000o\000r\000t\000a\000\040\000c\000l\000i\000c\000h\000\352}{section.8}% 95
\BOOKMARK [2][-]{subsection.8.83}{\376\377\000P\000r\000e\000s\000s\000\343\000o\000\040\000r\000o\000l\000o\000\040\000a\000n\000i\000l\000o\000x}{section.8}% 96
\BOOKMARK [2][-]{subsection.8.84}{\376\377\000V\000e\000n\000t\000i\000l\000a\000d\000o\000r\000\040\000d\000e\000\040\000v\000\341\000c\000u\000o}{section.8}% 97
\BOOKMARK [2][-]{subsection.8.85}{\376\377\000P\000r\000e\000s\000s\000\343\000o\000\040\000c\000a\000i\000x\000a\000\040\000d\000e\000\040\000v\000\341\000c\000u\000o}{section.8}% 98
\BOOKMARK [2][-]{subsection.8.86}{\376\377\000P\000r\000e\000s\000s\000\343\000o\000\040\000m\000a\000n\000u\000a\000l\000\040\000n\000o\000\040\000P\000o\000r\000t\000a\000\040\000M\000a\000n\000t\000a}{section.8}% 99
\BOOKMARK [2][-]{subsection.8.87}{\376\377\000P\000r\000e\000s\000s\000\343\000o\000\040\000m\000a\000n\000u\000a\000l\000\040\000n\000o\000\040\000P\000o\000r\000t\000a\000\040\000M\000a\000n\000t\000a}{section.8}% 100
\BOOKMARK [2][-]{subsection.8.88}{\376\377\000R\000a\000d\000i\000a\000l\000\040\000P\000o\000r\000t\000a\000\040\000F\000e\000r\000r\000a\000m\000e\000n\000t\000a}{section.8}% 101
\BOOKMARK [2][-]{subsection.8.89}{\376\377\000P\000e\000r\000\355\000m\000e\000t\000r\000o\000\040\000d\000a\000\040\000M\000a\000n\000t\000a}{section.8}% 102
\BOOKMARK [2][-]{subsection.8.90}{\376\377\000S\000e\000t\000p\000o\000i\000n\000t\000\040\000p\000r\000e\000s\000s\000\343\000o\000\040\000P\000o\000r\000t\000a\000\040\000M\000a\000n\000t\000a\000\040\000a\000f\000a\000s\000t\000a\000d\000o}{section.8}% 103
\BOOKMARK [2][-]{subsection.8.91}{\376\377\000S\000e\000t\000p\000o\000i\000n\000t\000\040\000p\000r\000e\000s\000s\000\343\000o\000\040\000P\000o\000r\000t\000a\000\040\000M\000a\000n\000t\000a\000\040\000a\000p\000r\000o\000x\000i\000m\000a\000d\000o}{section.8}% 104
\BOOKMARK [2][-]{subsection.8.92}{\376\377\000A\000x\000i\000a\000l\000\040\000P\000o\000r\000t\000a\000\040\000F\000e\000r\000r\000a\000m\000e\000n\000t\000a}{section.8}% 105
\BOOKMARK [2][-]{subsection.8.93}{\376\377\000V\000e\000n\000t\000i\000l\000a\000d\000o\000r\000\040\000d\000o\000\040\000b\000a\000t\000e\000d\000o\000r}{section.8}% 106
\BOOKMARK [2][-]{subsection.8.94}{\376\377\000R\000o\000l\000o\000\040\000b\000a\000t\000e\000d\000o\000r}{section.8}% 107
\BOOKMARK [2][-]{subsection.8.95}{\376\377\000V\000e\000n\000t\000i\000l\000a\000d\000o\000r\000\040\000s\000a\000\355\000d\000a\000\040\000d\000o\000\040\000b\000a\000t\000e\000d\000o\000r}{section.8}% 108
\BOOKMARK [2][-]{subsection.8.96}{\376\377\000V\000e\000l\000o\000c\000i\000d\000a\000d\000e\000\040\000d\000e\000\040\000t\000r\000a\000n\000s\000p\000o\000r\000t\000e\000\040\000n\000o\000\040\000B\000a\000t\000e\000d\000o\000r}{section.8}% 109
\BOOKMARK [2][-]{subsection.8.97}{\376\377\000S\000t\000a\000t\000u\000s\000\040\000d\000a\000s\000\040\000g\000u\000i\000a\000s}{section.8}% 110
\BOOKMARK [2][-]{subsection.8.98}{\376\377\000D\000a\000d\000o\000s\000\040\000d\000a\000\040\000c\000a\000i\000x\000a}{section.8}% 111
\BOOKMARK [2][-]{subsection.8.99}{\376\377\000D\000a\000d\000o\000s\000\040\000d\000a\000\040\000c\000h\000a\000p\000a}{section.8}% 112
\BOOKMARK [2][-]{subsection.8.100}{\376\377\000S\000a\000\355\000d\000a\000\040\000d\000o\000\040\000p\000a\000c\000o\000t\000e}{section.8}% 113
\BOOKMARK [2][-]{subsection.8.101}{\376\377\000V\000e\000l\000o\000c\000i\000d\000a\000d\000e\000\040\000d\000o\000\040\000T\000R\000P\000-\0001}{section.8}% 114
\BOOKMARK [2][-]{subsection.8.102}{\376\377\000V\000e\000l\000o\000c\000i\000d\000a\000d\000e\000\040\000d\000o\000\040\000T\000R\000P\000-\0002\000/\0003}{section.8}% 115
\BOOKMARK [2][-]{subsection.8.103}{\376\377\000Q\000u\000a\000n\000t\000i\000d\000a\000d\000e\000\040\000d\000e\000\040\000c\000a\000i\000x\000a\000s\000\040\000p\000o\000r\000\040\000p\000i\000l\000h\000a}{section.8}% 116
\BOOKMARK [2][-]{subsection.8.104}{\376\377\000S\000e\000p\000a\000r\000a\000\347\000\343\000o\000\040\000T\000R\000P\000-\0003}{section.8}% 117
\BOOKMARK [2][-]{subsection.8.105}{\376\377\000S\000e\000p\000a\000r\000a\000\347\000\343\000o\000\040\000t\000r\000a\000n\000s\000p\000o\000r\000t\000a\000d\000o\000r\000-\0002}{section.8}% 118
\BOOKMARK [2][-]{subsection.8.106}{\376\377\000V\000i\000s\000u\000a\000l\000i\000z\000a\000\347\000\343\000o\000\040\000d\000a\000s\000\040\000r\000e\000c\000e\000i\000t\000a\000s}{section.8}% 119
\BOOKMARK [2][-]{subsection.8.107}{\376\377\000C\000r\000i\000a\000r\000\040\000n\000o\000v\000a\000\040\000r\000e\000c\000e\000i\000t\000a}{section.8}% 120
\BOOKMARK [2][-]{subsection.8.108}{\376\377\000P\000r\000\351\000\040\000c\000a\000r\000r\000e\000g\000a\000r\000\040\000p\000e\000d\000i\000d\000o}{section.8}% 121
\BOOKMARK [2][-]{subsection.8.109}{\376\377\000V\000i\000s\000u\000a\000l\000i\000z\000a\000\347\000\343\000o\000\040\000d\000e\000\040\000p\000e\000d\000i\000d\000o\000s}{section.8}% 122
\BOOKMARK [2][-]{subsection.8.110}{\376\377\000D\000e\000t\000a\000l\000h\000e\000s\000\040\000d\000a\000\040\000r\000e\000c\000e\000i\000t\000a}{section.8}% 123
\BOOKMARK [2][-]{subsection.8.111}{\376\377\000P\000r\000\363\000x\000i\000m\000a\000\040\000r\000e\000c\000e\000i\000t\000a}{section.8}% 124
\BOOKMARK [2][-]{subsection.8.112}{\376\377\000I\000n\000f\000o\000r\000m\000a\000\347\000\365\000e\000s\000\040\000d\000o\000\040\000p\000e\000d\000i\000d\000o}{section.8}% 125
\BOOKMARK [2][-]{subsection.8.113}{\376\377\000S\000e\000l\000e\000\347\000\343\000o\000\040\000d\000e\000\040\000i\000m\000p\000r\000e\000s\000s\000o\000r\000a}{section.8}% 126
\BOOKMARK [2][-]{subsection.8.114}{\376\377\000D\000a\000d\000o\000s\000\040\000d\000o\000s\000\040\000c\000l\000i\000c\000h\000\352\000s}{section.8}% 127
\BOOKMARK [2][-]{subsection.8.115}{\376\377\000R\000e\000q\000u\000i\000s\000i\000t\000o\000s\000\040\000p\000a\000r\000a\000\040\000l\000i\000b\000e\000r\000a\000r\000\040\000a\000\040\000p\000r\000\363\000x\000i\000m\000a\000\040\000p\000\341\000g\000i\000n\000a}{section.8}% 128
\BOOKMARK [2][-]{subsection.8.116}{\376\377\000R\000e\000q\000u\000i\000s\000i\000t\000o\000s\000\040\000p\000a\000r\000a\000\040\000l\000i\000b\000e\000r\000a\000r\000\040\000a\000\040\000p\000r\000\363\000x\000i\000m\000a\000\040\000p\000\341\000g\000i\000n\000a}{section.8}% 129
\BOOKMARK [2][-]{subsection.8.117}{\376\377\000D\000a\000d\000o\000s\000\040\000d\000a\000\040\000c\000a\000i\000x\000a}{section.8}% 130
\BOOKMARK [2][-]{subsection.8.118}{\376\377\000D\000a\000d\000o\000s\000\040\000d\000a\000\040\000c\000h\000a\000p\000a}{section.8}% 131
\BOOKMARK [2][-]{subsection.8.119}{\376\377\000D\000a\000d\000o\000s\000\040\000d\000a\000\040\000c\000h\000a\000p\000a}{section.8}% 132
\BOOKMARK [2][-]{subsection.8.120}{\376\377\000R\000e\000q\000u\000i\000s\000i\000t\000o\000s\000\040\000p\000a\000r\000a\000\040\000l\000i\000b\000e\000r\000a\000r\000\040\000a\000\040\000p\000r\000\363\000x\000i\000m\000a\000\040\000p\000\341\000g\000i\000n\000a}{section.8}% 133
