This is pdfTeX, Version 3.141592653-2.6-1.40.24 (MiKTeX 22.12) (preloaded format=pdflatex 2023.1.23)  25 JAN 2023 10:36
entering extended mode
 restricted \write18 enabled.
 file:line:error style messages enabled.
 %&-line parsing enabled.
**./main.tex
(main.tex
LaTeX2e <2022-11-01> patch level 1
L3 programming layer <2023-01-16>
(C:\Users\guilherme.oliveira\AppData\Local\Programs\MiKTeX\tex/latex/base\artic
le.cls
Document Class: article 2022/07/02 v1.4n Standard LaTeX document class

(C:\Users\guilherme.oliveira\AppData\Local\Programs\MiKTeX\tex/latex/base\size1
0.clo
File: size10.clo 2022/07/02 v1.4n Standard LaTeX file (size option)
)
\c@part=\count185
\c@section=\count186
\c@subsection=\count187
\c@subsubsection=\count188
\c@paragraph=\count189
\c@subparagraph=\count190
\c@figure=\count191
\c@table=\count192
\abovecaptionskip=\skip48
\belowcaptionskip=\skip49
\bibindent=\dimen140
)
(C:\Users\guilherme.oliveira\AppData\Local\Programs\MiKTeX\tex/latex/graphics\g
raphicx.sty
Package: graphicx 2021/09/16 v1.2d Enhanced LaTeX Graphics (DPC,SPQR)

(C:\Users\guilherme.oliveira\AppData\Local\Programs\MiKTeX\tex/latex/graphics\k
eyval.sty
Package: keyval 2022/05/29 v1.15 key=value parser (DPC)
\KV@toks@=\toks16
)
(C:\Users\guilherme.oliveira\AppData\Local\Programs\MiKTeX\tex/latex/graphics\g
raphics.sty
Package: graphics 2022/03/10 v1.4e Standard LaTeX Graphics (DPC,SPQR)

(C:\Users\guilherme.oliveira\AppData\Local\Programs\MiKTeX\tex/latex/graphics\t
rig.sty
Package: trig 2021/08/11 v1.11 sin cos tan (DPC)
)
(C:\Users\guilherme.oliveira\AppData\Local\Programs\MiKTeX\tex/latex/graphics-c
fg\graphics.cfg
File: graphics.cfg 2016/06/04 v1.11 sample graphics configuration
)
Package graphics Info: Driver file: pdftex.def on input line 107.

(C:\Users\guilherme.oliveira\AppData\Local\Programs\MiKTeX\tex/latex/graphics-d
ef\pdftex.def
File: pdftex.def 2022/09/22 v1.2b Graphics/color driver for pdftex
))
\Gin@req@height=\dimen141
\Gin@req@width=\dimen142
)
(C:\Users\guilherme.oliveira\AppData\Local\Programs\MiKTeX\tex/latex/fancyhdr\f
ancyhdr.sty
Package: fancyhdr 2022/11/09 v4.1 Extensive control of page headers and footers

\f@nch@headwidth=\skip50
\f@nch@O@elh=\skip51
\f@nch@O@erh=\skip52
\f@nch@O@olh=\skip53
\f@nch@O@orh=\skip54
\f@nch@O@elf=\skip55
\f@nch@O@erf=\skip56
\f@nch@O@olf=\skip57
\f@nch@O@orf=\skip58
)
(C:\Users\guilherme.oliveira\AppData\Local\Programs\MiKTeX\tex/latex/geometry\g
eometry.sty
Package: geometry 2020/01/02 v5.9 Page Geometry

(C:\Users\guilherme.oliveira\AppData\Local\Programs\MiKTeX\tex/generic/iftex\if
vtex.sty
Package: ifvtex 2019/10/25 v1.7 ifvtex legacy package. Use iftex instead.

(C:\Users\guilherme.oliveira\AppData\Local\Programs\MiKTeX\tex/generic/iftex\if
tex.sty
Package: iftex 2022/02/03 v1.0f TeX engine tests
))
\Gm@cnth=\count193
\Gm@cntv=\count194
\c@Gm@tempcnt=\count195
\Gm@bindingoffset=\dimen143
\Gm@wd@mp=\dimen144
\Gm@odd@mp=\dimen145
\Gm@even@mp=\dimen146
\Gm@layoutwidth=\dimen147
\Gm@layoutheight=\dimen148
\Gm@layouthoffset=\dimen149
\Gm@layoutvoffset=\dimen150
\Gm@dimlist=\toks17

(C:\Users\guilherme.oliveira\AppData\Local\Programs\MiKTeX\tex/latex/geometry\g
eometry.cfg))
(C:\Users\guilherme.oliveira\AppData\Local\Programs\MiKTeX\tex/latex/hyperref\h
yperref.sty
Package: hyperref 2022-11-13 v7.00u Hypertext links for LaTeX

(C:\Users\guilherme.oliveira\AppData\Local\Programs\MiKTeX\tex/generic/ltxcmds\
ltxcmds.sty
Package: ltxcmds 2020-05-10 v1.25 LaTeX kernel commands for general use (HO)
)
(C:\Users\guilherme.oliveira\AppData\Local\Programs\MiKTeX\tex/generic/pdftexcm
ds\pdftexcmds.sty
Package: pdftexcmds 2020-06-27 v0.33 Utility functions of pdfTeX for LuaTeX (HO
)

(C:\Users\guilherme.oliveira\AppData\Local\Programs\MiKTeX\tex/generic/infwarer
r\infwarerr.sty
Package: infwarerr 2019/12/03 v1.5 Providing info/warning/error messages (HO)
)
Package pdftexcmds Info: \pdf@primitive is available.
Package pdftexcmds Info: \pdf@ifprimitive is available.
Package pdftexcmds Info: \pdfdraftmode found.
)
(C:\Users\guilherme.oliveira\AppData\Local\Programs\MiKTeX\tex/latex/kvsetkeys\
kvsetkeys.sty
Package: kvsetkeys 2022-10-05 v1.19 Key value parser (HO)
)
(C:\Users\guilherme.oliveira\AppData\Local\Programs\MiKTeX\tex/generic/kvdefine
keys\kvdefinekeys.sty
Package: kvdefinekeys 2019-12-19 v1.6 Define keys (HO)
)
(C:\Users\guilherme.oliveira\AppData\Local\Programs\MiKTeX\tex/generic/pdfescap
e\pdfescape.sty
Package: pdfescape 2019/12/09 v1.15 Implements pdfTeX's escape features (HO)
)
(C:\Users\guilherme.oliveira\AppData\Local\Programs\MiKTeX\tex/latex/hycolor\hy
color.sty
Package: hycolor 2020-01-27 v1.10 Color options for hyperref/bookmark (HO)
)
(C:\Users\guilherme.oliveira\AppData\Local\Programs\MiKTeX\tex/latex/letltxmacr
o\letltxmacro.sty
Package: letltxmacro 2019/12/03 v1.6 Let assignment for LaTeX macros (HO)
)
(C:\Users\guilherme.oliveira\AppData\Local\Programs\MiKTeX\tex/latex/auxhook\au
xhook.sty
Package: auxhook 2019-12-17 v1.6 Hooks for auxiliary files (HO)
)
(C:\Users\guilherme.oliveira\AppData\Local\Programs\MiKTeX\tex/latex/hyperref\n
ameref.sty
Package: nameref 2022-05-17 v2.50 Cross-referencing by name of section

(C:\Users\guilherme.oliveira\AppData\Local\Programs\MiKTeX\tex/latex/refcount\r
efcount.sty
Package: refcount 2019/12/15 v3.6 Data extraction from label references (HO)
)
(C:\Users\guilherme.oliveira\AppData\Local\Programs\MiKTeX\tex/generic/gettitle
string\gettitlestring.sty
Package: gettitlestring 2019/12/15 v1.6 Cleanup title references (HO)

(C:\Users\guilherme.oliveira\AppData\Local\Programs\MiKTeX\tex/latex/kvoptions\
kvoptions.sty
Package: kvoptions 2022-06-15 v3.15 Key value format for package options (HO)
))
\c@section@level=\count196
)
\@linkdim=\dimen151
\Hy@linkcounter=\count197
\Hy@pagecounter=\count198

(C:\Users\guilherme.oliveira\AppData\Local\Programs\MiKTeX\tex/latex/hyperref\p
d1enc.def
File: pd1enc.def 2022-11-13 v7.00u Hyperref: PDFDocEncoding definition (HO)
Now handling font encoding PD1 ...
... no UTF-8 mapping file for font encoding PD1
)
(C:\Users\guilherme.oliveira\AppData\Local\Programs\MiKTeX\tex/generic/intcalc\
intcalc.sty
Package: intcalc 2019/12/15 v1.3 Expandable calculations with integers (HO)
)
(C:\Users\guilherme.oliveira\AppData\Local\Programs\MiKTeX\tex/generic/etexcmds
\etexcmds.sty
Package: etexcmds 2019/12/15 v1.7 Avoid name clashes with e-TeX commands (HO)
)
\Hy@SavedSpaceFactor=\count199

(C:\Users\guilherme.oliveira\AppData\Local\Programs\MiKTeX\tex/latex/hyperref\p
uenc.def
File: puenc.def 2022-11-13 v7.00u Hyperref: PDF Unicode definition (HO)
Now handling font encoding PU ...
... no UTF-8 mapping file for font encoding PU
)
Package hyperref Info: Hyper figures OFF on input line 4162.
Package hyperref Info: Link nesting OFF on input line 4167.
Package hyperref Info: Hyper index ON on input line 4170.
Package hyperref Info: Plain pages OFF on input line 4177.
Package hyperref Info: Backreferencing OFF on input line 4182.
Package hyperref Info: Implicit mode ON; LaTeX internals redefined.
Package hyperref Info: Bookmarks ON on input line 4410.
\c@Hy@tempcnt=\count266

(C:\Users\guilherme.oliveira\AppData\Local\Programs\MiKTeX\tex/latex/url\url.st
y
\Urlmuskip=\muskip16
Package: url 2013/09/16  ver 3.4  Verb mode for urls, etc.
)
LaTeX Info: Redefining \url on input line 4748.
\XeTeXLinkMargin=\dimen152

(C:\Users\guilherme.oliveira\AppData\Local\Programs\MiKTeX\tex/generic/bitset\b
itset.sty
Package: bitset 2019/12/09 v1.3 Handle bit-vector datatype (HO)

(C:\Users\guilherme.oliveira\AppData\Local\Programs\MiKTeX\tex/generic/bigintca
lc\bigintcalc.sty
Package: bigintcalc 2019/12/15 v1.5 Expandable calculations on big integers (HO
)
))
\Fld@menulength=\count267
\Field@Width=\dimen153
\Fld@charsize=\dimen154
Package hyperref Info: Hyper figures OFF on input line 6027.
Package hyperref Info: Link nesting OFF on input line 6032.
Package hyperref Info: Hyper index ON on input line 6035.
Package hyperref Info: backreferencing OFF on input line 6042.
Package hyperref Info: Link coloring OFF on input line 6047.
Package hyperref Info: Link coloring with OCG OFF on input line 6052.
Package hyperref Info: PDF/A mode OFF on input line 6057.

(C:\Users\guilherme.oliveira\AppData\Local\Programs\MiKTeX\tex/latex/base\atbeg
shi-ltx.sty
Package: atbegshi-ltx 2021/01/10 v1.0c Emulation of the original atbegshi
package with kernel methods
)
\Hy@abspage=\count268
\c@Item=\count269
\c@Hfootnote=\count270
)
Package hyperref Info: Driver (autodetected): hpdftex.

(C:\Users\guilherme.oliveira\AppData\Local\Programs\MiKTeX\tex/latex/hyperref\h
pdftex.def
File: hpdftex.def 2022-11-13 v7.00u Hyperref driver for pdfTeX

(C:\Users\guilherme.oliveira\AppData\Local\Programs\MiKTeX\tex/latex/base\atver
yend-ltx.sty
Package: atveryend-ltx 2020/08/19 v1.0a Emulation of the original atveryend pac
kage
with kernel methods
)
\Fld@listcount=\count271
\c@bookmark@seq@number=\count272

(C:\Users\guilherme.oliveira\AppData\Local\Programs\MiKTeX\tex/latex/rerunfilec
heck\rerunfilecheck.sty
Package: rerunfilecheck 2022-07-10 v1.10 Rerun checks for auxiliary files (HO)

(C:\Users\guilherme.oliveira\AppData\Local\Programs\MiKTeX\tex/generic/uniqueco
unter\uniquecounter.sty
Package: uniquecounter 2019/12/15 v1.4 Provide unlimited unique counter (HO)
)
Package uniquecounter Info: New unique counter `rerunfilecheck' on input line 2
85.
)
\Hy@SectionHShift=\skip59
)
(C:\Users\guilherme.oliveira\AppData\Local\Programs\MiKTeX\tex/latex/enumitem\e
numitem.sty
Package: enumitem 2019/06/20 v3.9 Customized lists
\labelindent=\skip60
\enit@outerparindent=\dimen155
\enit@toks=\toks18
\enit@inbox=\box51
\enit@count@id=\count273
\enitdp@description=\count274
)
(C:\Users\guilherme.oliveira\AppData\Local\Programs\MiKTeX\tex/latex/tools\inde
ntfirst.sty
Package: indentfirst 1995/11/23 v1.03 Indent first paragraph (DPC)
)
(C:\Users\guilherme.oliveira\AppData\Local\Programs\MiKTeX\tex/latex/titlesec\t
itlesec.sty
Package: titlesec 2021/07/05 v2.14 Sectioning titles
\ttl@box=\box52
\beforetitleunit=\skip61
\aftertitleunit=\skip62
\ttl@plus=\dimen156
\ttl@minus=\dimen157
\ttl@toksa=\toks19
\titlewidth=\dimen158
\titlewidthlast=\dimen159
\titlewidthfirst=\dimen160
) (src/variables.tex) (src/header.tex)
(C:\Users\guilherme.oliveira\AppData\Local\Programs\MiKTeX\tex/latex/l3backend\
l3backend-pdftex.def
File: l3backend-pdftex.def 2023-01-16 L3 backend support: PDF output (pdfTeX)
\l__color_backend_stack_int=\count275
\l__pdf_internal_box=\box53
) (main.aux

LaTeX Warning: Label `' multiply defined.


LaTeX Warning: Label `' multiply defined.


LaTeX Warning: Label `' multiply defined.


LaTeX Warning: Label `' multiply defined.


LaTeX Warning: Label `' multiply defined.


LaTeX Warning: Label `' multiply defined.


LaTeX Warning: Label `' multiply defined.


LaTeX Warning: Label `' multiply defined.


LaTeX Warning: Label `' multiply defined.


LaTeX Warning: Label `' multiply defined.


LaTeX Warning: Label `' multiply defined.


LaTeX Warning: Label `' multiply defined.


LaTeX Warning: Label `' multiply defined.


LaTeX Warning: Label `' multiply defined.


LaTeX Warning: Label `' multiply defined.


LaTeX Warning: Label `' multiply defined.


LaTeX Warning: Label `' multiply defined.


LaTeX Warning: Label `' multiply defined.


LaTeX Warning: Label `' multiply defined.


LaTeX Warning: Label `' multiply defined.


LaTeX Warning: Label `' multiply defined.


LaTeX Warning: Label `' multiply defined.


LaTeX Warning: Label `' multiply defined.


LaTeX Warning: Label `' multiply defined.


LaTeX Warning: Label `' multiply defined.


LaTeX Warning: Label `' multiply defined.


LaTeX Warning: Label `' multiply defined.


LaTeX Warning: Label `' multiply defined.


LaTeX Warning: Label `' multiply defined.


LaTeX Warning: Label `' multiply defined.


LaTeX Warning: Label `' multiply defined.


LaTeX Warning: Label `' multiply defined.


LaTeX Warning: Label `' multiply defined.


LaTeX Warning: Label `' multiply defined.


LaTeX Warning: Label `' multiply defined.


LaTeX Warning: Label `' multiply defined.


LaTeX Warning: Label `' multiply defined.


LaTeX Warning: Label `' multiply defined.


LaTeX Warning: Label `' multiply defined.


LaTeX Warning: Label `' multiply defined.


LaTeX Warning: Label `' multiply defined.


LaTeX Warning: Label `' multiply defined.


LaTeX Warning: Label `' multiply defined.


LaTeX Warning: Label `' multiply defined.


LaTeX Warning: Label `' multiply defined.


LaTeX Warning: Label `' multiply defined.


LaTeX Warning: Label `' multiply defined.


LaTeX Warning: Label `' multiply defined.


LaTeX Warning: Label `' multiply defined.


LaTeX Warning: Label `' multiply defined.


LaTeX Warning: Label `' multiply defined.


LaTeX Warning: Label `' multiply defined.


LaTeX Warning: Label `' multiply defined.


LaTeX Warning: Label `' multiply defined.


LaTeX Warning: Label `' multiply defined.


LaTeX Warning: Label `' multiply defined.


LaTeX Warning: Label `' multiply defined.

)
\openout1 = `main.aux'.

LaTeX Font Info:    Checking defaults for OML/cmm/m/it on input line 21.
LaTeX Font Info:    ... okay on input line 21.
LaTeX Font Info:    Checking defaults for OMS/cmsy/m/n on input line 21.
LaTeX Font Info:    ... okay on input line 21.
LaTeX Font Info:    Checking defaults for OT1/cmr/m/n on input line 21.
LaTeX Font Info:    ... okay on input line 21.
LaTeX Font Info:    Checking defaults for T1/cmr/m/n on input line 21.
LaTeX Font Info:    ... okay on input line 21.
LaTeX Font Info:    Checking defaults for TS1/cmr/m/n on input line 21.
LaTeX Font Info:    ... okay on input line 21.
LaTeX Font Info:    Checking defaults for OMX/cmex/m/n on input line 21.
LaTeX Font Info:    ... okay on input line 21.
LaTeX Font Info:    Checking defaults for U/cmr/m/n on input line 21.
LaTeX Font Info:    ... okay on input line 21.
LaTeX Font Info:    Checking defaults for PD1/pdf/m/n on input line 21.
LaTeX Font Info:    ... okay on input line 21.
LaTeX Font Info:    Checking defaults for PU/pdf/m/n on input line 21.
LaTeX Font Info:    ... okay on input line 21.

(C:\Users\guilherme.oliveira\AppData\Local\Programs\MiKTeX\tex/context/base/mki
i\supp-pdf.mkii
[Loading MPS to PDF converter (version 2006.09.02).]
\scratchcounter=\count276
\scratchdimen=\dimen161
\scratchbox=\box54
\nofMPsegments=\count277
\nofMParguments=\count278
\everyMPshowfont=\toks20
\MPscratchCnt=\count279
\MPscratchDim=\dimen162
\MPnumerator=\count280
\makeMPintoPDFobject=\count281
\everyMPtoPDFconversion=\toks21
)
(C:\Users\guilherme.oliveira\AppData\Local\Programs\MiKTeX\tex/latex/epstopdf-p
kg\epstopdf-base.sty
Package: epstopdf-base 2020-01-24 v2.11 Base part for package epstopdf
Package epstopdf-base Info: Redefining graphics rule for `.eps' on input line 4
85.

(C:\Users\guilherme.oliveira\AppData\Local\Programs\MiKTeX\tex/latex/00miktex\e
pstopdf-sys.cfg
File: epstopdf-sys.cfg 2021/03/18 v2.0 Configuration of epstopdf for MiKTeX
))
*geometry* driver: auto-detecting
*geometry* detected driver: pdftex
*geometry* verbose mode - [ preamble ] result:
* driver: pdftex
* paper: <default>
* layout: <same size as paper>
* layoutoffset:(h,v)=(0.0pt,0.0pt)
* modes: landscape 
* h-part:(L,W,R)=(18.06749pt, 758.835pt, 18.06749pt)
* v-part:(T,H,B)=(43.36243pt, 534.79758pt, 36.135pt)
* \paperwidth=794.96999pt
* \paperheight=614.295pt
* \textwidth=758.835pt
* \textheight=534.79758pt
* \oddsidemargin=-54.2025pt
* \evensidemargin=-54.2025pt
* \topmargin=-65.90756pt
* \headheight=12.0pt
* \headsep=25.0pt
* \topskip=10.0pt
* \footskip=30.0pt
* \marginparwidth=144.0pt
* \marginparsep=11.0pt
* \columnsep=10.0pt
* \skip\footins=9.0pt plus 4.0pt minus 2.0pt
* \hoffset=0.0pt
* \voffset=0.0pt
* \mag=1000
* \@twocolumnfalse
* \@twosidefalse
* \@mparswitchfalse
* \@reversemarginfalse
* (1in=72.27pt=25.4mm, 1cm=28.453pt)

Package hyperref Info: Link coloring OFF on input line 21.
(main.out) (main.out)
\@outlinefile=\write3
\openout3 = `main.out'.

 (pagesFlexo/cover.tex
<logoTomasoni.png, id=287, 3222.79031pt x 828.09375pt>
File: logoTomasoni.png Graphic file (type png)
<use logoTomasoni.png>
Package pdftex.def Info: logoTomasoni.png  used on input line 6.
(pdftex.def)             Requested size: 170.71652pt x 43.85843pt.
LaTeX Font Info:    External font `cmex10' loaded for size
(Font)              <7> on input line 7.
LaTeX Font Info:    External font `cmex10' loaded for size
(Font)              <5> on input line 7.
) [0

{C:/Users/guilherme.oliveira/AppData/Local/MiKTeX/fonts/map/pdftex/pdftex.map} 
<./logoTomasoni.png>]
(pagesFlexo/indexPage.tex (main.toc
File: logoTomasoni.png Graphic file (type png)
<use logoTomasoni.png>
Package pdftex.def Info: logoTomasoni.png  used on input line 30.
(pdftex.def)             Requested size: 170.71652pt x 43.85843pt.


Package fancyhdr Warning: \headheight is too small (12.0pt): 
(fancyhdr)                Make it at least 93.60004pt, for example:
(fancyhdr)                \setlength{\headheight}{93.60004pt}.
(fancyhdr)                You might also make \topmargin smaller to compensate:

(fancyhdr)                \addtolength{\topmargin}{-81.60004pt}.

[1])
\tf@toc=\write4
\openout4 = `main.toc'.

) [2] (pagesFlexo/manufactorAndMachineInfo.tex
File: logoTomasoni.png Graphic file (type png)
<use logoTomasoni.png>
Package pdftex.def Info: logoTomasoni.png  used on input line 77.
(pdftex.def)             Requested size: 170.71652pt x 43.85843pt.


Package fancyhdr Warning: \headheight is too small (12.0pt): 
(fancyhdr)                Make it at least 93.60004pt, for example:
(fancyhdr)                \setlength{\headheight}{93.60004pt}.
(fancyhdr)                You might also make \topmargin smaller to compensate:

(fancyhdr)                \addtolength{\topmargin}{-81.60004pt}.

[3]) [4] (pagesFlexo/preamble.tex
\enitdp@standartsMet=\count282
\enitdp@machinePartsList=\count283
File: logoTomasoni.png Graphic file (type png)
<use logoTomasoni.png>
Package pdftex.def Info: logoTomasoni.png  used on input line 68.
(pdftex.def)             Requested size: 170.71652pt x 43.85843pt.


Package fancyhdr Warning: \headheight is too small (12.0pt): 
(fancyhdr)                Make it at least 93.60004pt, for example:
(fancyhdr)                \setlength{\headheight}{93.60004pt}.
(fancyhdr)                You might also make \topmargin smaller to compensate:

(fancyhdr)                \addtolength{\topmargin}{-81.60004pt}.

[5]
\enitdp@typeOfRisks=\count284
File: logoTomasoni.png Graphic file (type png)
<use logoTomasoni.png>
Package pdftex.def Info: logoTomasoni.png  used on input line 128.
(pdftex.def)             Requested size: 170.71652pt x 43.85843pt.


Package fancyhdr Warning: \headheight is too small (12.0pt): 
(fancyhdr)                Make it at least 93.60004pt, for example:
(fancyhdr)                \setlength{\headheight}{93.60004pt}.
(fancyhdr)                You might also make \topmargin smaller to compensate:

(fancyhdr)                \addtolength{\topmargin}{-81.60004pt}.

[6]
\enitdp@generalSafetyRules=\count285
File: logoTomasoni.png Graphic file (type png)
<use logoTomasoni.png>
Package pdftex.def Info: logoTomasoni.png  used on input line 187.
(pdftex.def)             Requested size: 170.71652pt x 43.85843pt.


Package fancyhdr Warning: \headheight is too small (12.0pt): 
(fancyhdr)                Make it at least 89.60004pt, for example:
(fancyhdr)                \setlength{\headheight}{89.60004pt}.
(fancyhdr)                You might also make \topmargin smaller to compensate:

(fancyhdr)                \addtolength{\topmargin}{-77.60004pt}.

[7]
\enitdp@generalSafetyToStartTheMachine=\count286
\enitdp@generalSafetyToMoveUnities=\count287
\enitdp@generalRulesToPlateCleaning=\count288
File: logoTomasoni.png Graphic file (type png)
<use logoTomasoni.png>
Package pdftex.def Info: logoTomasoni.png  used on input line 255.
(pdftex.def)             Requested size: 170.71652pt x 43.85843pt.


Package fancyhdr Warning: \headheight is too small (12.0pt): 
(fancyhdr)                Make it at least 93.60004pt, for example:
(fancyhdr)                \setlength{\headheight}{93.60004pt}.
(fancyhdr)                You might also make \topmargin smaller to compensate:

(fancyhdr)                \addtolength{\topmargin}{-81.60004pt}.

[8]
\enitdp@generalRulesForCleaning=\count289
)
File: logoTomasoni.png Graphic file (type png)
<use logoTomasoni.png>
Package pdftex.def Info: logoTomasoni.png  used on input line 35.
(pdftex.def)             Requested size: 170.71652pt x 43.85843pt.


Package fancyhdr Warning: \headheight is too small (12.0pt): 
(fancyhdr)                Make it at least 93.60004pt, for example:
(fancyhdr)                \setlength{\headheight}{93.60004pt}.
(fancyhdr)                You might also make \topmargin smaller to compensate:

(fancyhdr)                \addtolength{\topmargin}{-81.60004pt}.

[9] (pagesFlexo/screenDescriptions/01-main/screenNavegation.tex
<src/imagesFlexo/01-main/e-Tela-Principal.png, id=410, 770.88pt x 481.8pt>
File: src/imagesFlexo/01-main/e-Tela-Principal.png Graphic file (type png)
<use src/imagesFlexo/01-main/e-Tela-Principal.png>
Package pdftex.def Info: src/imagesFlexo/01-main/e-Tela-Principal.png  used on 
input line 18.
(pdftex.def)             Requested size: 481.79883pt x 301.1316pt.
File: logoTomasoni.png Graphic file (type png)
<use logoTomasoni.png>
Package pdftex.def Info: logoTomasoni.png  used on input line 23.
(pdftex.def)             Requested size: 170.71652pt x 43.85843pt.


Package fancyhdr Warning: \headheight is too small (12.0pt): 
(fancyhdr)                Make it at least 93.60004pt, for example:
(fancyhdr)                \setlength{\headheight}{93.60004pt}.
(fancyhdr)                You might also make \topmargin smaller to compensate:

(fancyhdr)                \addtolength{\topmargin}{-81.60004pt}.

[10 <./src/imagesFlexo/01-main/e-Tela-Principal.png>]
<src/imagesFlexo/01-main/e-1.png, id=416, 770.88pt x 481.8pt>
File: src/imagesFlexo/01-main/e-1.png Graphic file (type png)
<use src/imagesFlexo/01-main/e-1.png>
Package pdftex.def Info: src/imagesFlexo/01-main/e-1.png  used on input line 33
.
(pdftex.def)             Requested size: 578.15858pt x 361.3638pt.
File: logoTomasoni.png Graphic file (type png)
<use logoTomasoni.png>
Package pdftex.def Info: logoTomasoni.png  used on input line 40.
(pdftex.def)             Requested size: 170.71652pt x 43.85843pt.


Package fancyhdr Warning: \headheight is too small (12.0pt): 
(fancyhdr)                Make it at least 93.60004pt, for example:
(fancyhdr)                \setlength{\headheight}{93.60004pt}.
(fancyhdr)                You might also make \topmargin smaller to compensate:

(fancyhdr)                \addtolength{\topmargin}{-81.60004pt}.

[11 <./src/imagesFlexo/01-main/e-1.png>]
<src/imagesFlexo/01-main/e-2.png, id=424, 770.88pt x 481.8pt>
File: src/imagesFlexo/01-main/e-2.png Graphic file (type png)
<use src/imagesFlexo/01-main/e-2.png>
Package pdftex.def Info: src/imagesFlexo/01-main/e-2.png  used on input line 50
.
(pdftex.def)             Requested size: 578.15858pt x 361.3638pt.
File: logoTomasoni.png Graphic file (type png)
<use logoTomasoni.png>
Package pdftex.def Info: logoTomasoni.png  used on input line 57.
(pdftex.def)             Requested size: 170.71652pt x 43.85843pt.


Package fancyhdr Warning: \headheight is too small (12.0pt): 
(fancyhdr)                Make it at least 93.60004pt, for example:
(fancyhdr)                \setlength{\headheight}{93.60004pt}.
(fancyhdr)                You might also make \topmargin smaller to compensate:

(fancyhdr)                \addtolength{\topmargin}{-81.60004pt}.

[12 <./src/imagesFlexo/01-main/e-2.png>]
<src/imagesFlexo/01-main/e-3.png, id=431, 770.88pt x 481.8pt>
File: src/imagesFlexo/01-main/e-3.png Graphic file (type png)
<use src/imagesFlexo/01-main/e-3.png>
Package pdftex.def Info: src/imagesFlexo/01-main/e-3.png  used on input line 67
.
(pdftex.def)             Requested size: 578.15858pt x 361.3638pt.
File: logoTomasoni.png Graphic file (type png)
<use logoTomasoni.png>
Package pdftex.def Info: logoTomasoni.png  used on input line 76.
(pdftex.def)             Requested size: 170.71652pt x 43.85843pt.


Package fancyhdr Warning: \headheight is too small (12.0pt): 
(fancyhdr)                Make it at least 93.60004pt, for example:
(fancyhdr)                \setlength{\headheight}{93.60004pt}.
(fancyhdr)                You might also make \topmargin smaller to compensate:

(fancyhdr)                \addtolength{\topmargin}{-81.60004pt}.

[13 <./src/imagesFlexo/01-main/e-3.png>]
<src/imagesFlexo/01-main/e-4.png, id=437, 770.88pt x 481.8pt>
File: src/imagesFlexo/01-main/e-4.png Graphic file (type png)
<use src/imagesFlexo/01-main/e-4.png>
Package pdftex.def Info: src/imagesFlexo/01-main/e-4.png  used on input line 86
.
(pdftex.def)             Requested size: 578.15858pt x 361.3638pt.
File: logoTomasoni.png Graphic file (type png)
<use logoTomasoni.png>
Package pdftex.def Info: logoTomasoni.png  used on input line 92.
(pdftex.def)             Requested size: 170.71652pt x 43.85843pt.


Package fancyhdr Warning: \headheight is too small (12.0pt): 
(fancyhdr)                Make it at least 93.60004pt, for example:
(fancyhdr)                \setlength{\headheight}{93.60004pt}.
(fancyhdr)                You might also make \topmargin smaller to compensate:

(fancyhdr)                \addtolength{\topmargin}{-81.60004pt}.

[14 <./src/imagesFlexo/01-main/e-4.png>]
<src/imagesFlexo/01-main/e-5.png, id=443, 770.88pt x 481.8pt>
File: src/imagesFlexo/01-main/e-5.png Graphic file (type png)
<use src/imagesFlexo/01-main/e-5.png>
Package pdftex.def Info: src/imagesFlexo/01-main/e-5.png  used on input line 10
1.
(pdftex.def)             Requested size: 578.15858pt x 361.3638pt.
)
File: logoTomasoni.png Graphic file (type png)
<use logoTomasoni.png>
Package pdftex.def Info: logoTomasoni.png  used on input line 38.
(pdftex.def)             Requested size: 170.71652pt x 43.85843pt.


Package fancyhdr Warning: \headheight is too small (12.0pt): 
(fancyhdr)                Make it at least 93.60004pt, for example:
(fancyhdr)                \setlength{\headheight}{93.60004pt}.
(fancyhdr)                You might also make \topmargin smaller to compensate:

(fancyhdr)                \addtolength{\topmargin}{-81.60004pt}.

[15 <./src/imagesFlexo/01-main/e-5.png>]
(pagesFlexo/screenDescriptions/02-machine/machineCommands.tex
LaTeX Font Info:    Trying to load font information for OML+cmr on input line 9
.

(C:\Users\guilherme.oliveira\AppData\Local\Programs\MiKTeX\tex/latex/base\omlcm
r.fd
File: omlcmr.fd 2022/07/10 v2.5l Standard LaTeX font definitions
)
LaTeX Font Info:    Font shape `OML/cmr/m/n' in size <10> not available
(Font)              Font shape `OML/cmm/m/it' tried instead on input line 9.
<src/imagesFlexo/02-machine/e-Tela-Principal.png, id=449, 770.88pt x 481.8pt>
File: src/imagesFlexo/02-machine/e-Tela-Principal.png Graphic file (type png)
<use src/imagesFlexo/02-machine/e-Tela-Principal.png>
Package pdftex.def Info: src/imagesFlexo/02-machine/e-Tela-Principal.png  used 
on input line 15.
(pdftex.def)             Requested size: 481.79883pt x 301.1316pt.
File: logoTomasoni.png Graphic file (type png)
<use logoTomasoni.png>
Package pdftex.def Info: logoTomasoni.png  used on input line 22.
(pdftex.def)             Requested size: 170.71652pt x 43.85843pt.


Package fancyhdr Warning: \headheight is too small (12.0pt): 
(fancyhdr)                Make it at least 93.60004pt, for example:
(fancyhdr)                \setlength{\headheight}{93.60004pt}.
(fancyhdr)                You might also make \topmargin smaller to compensate:

(fancyhdr)                \addtolength{\topmargin}{-81.60004pt}.

[16 <./src/imagesFlexo/02-machine/e-Tela-Principal.png>]
<src/imagesFlexo/02-machine/e-1.png, id=456, 770.88pt x 481.8pt>
File: src/imagesFlexo/02-machine/e-1.png Graphic file (type png)
<use src/imagesFlexo/02-machine/e-1.png>
Package pdftex.def Info: src/imagesFlexo/02-machine/e-1.png  used on input line
 31.
(pdftex.def)             Requested size: 578.15858pt x 361.3638pt.
File: logoTomasoni.png Graphic file (type png)
<use logoTomasoni.png>
Package pdftex.def Info: logoTomasoni.png  used on input line 38.
(pdftex.def)             Requested size: 170.71652pt x 43.85843pt.


Package fancyhdr Warning: \headheight is too small (12.0pt): 
(fancyhdr)                Make it at least 93.60004pt, for example:
(fancyhdr)                \setlength{\headheight}{93.60004pt}.
(fancyhdr)                You might also make \topmargin smaller to compensate:

(fancyhdr)                \addtolength{\topmargin}{-81.60004pt}.

[17 <./src/imagesFlexo/02-machine/e-1.png>]
<src/imagesFlexo/02-machine/e-2.png, id=462, 770.88pt x 481.8pt>
File: src/imagesFlexo/02-machine/e-2.png Graphic file (type png)
<use src/imagesFlexo/02-machine/e-2.png>
Package pdftex.def Info: src/imagesFlexo/02-machine/e-2.png  used on input line
 47.
(pdftex.def)             Requested size: 578.15858pt x 361.3638pt.
File: logoTomasoni.png Graphic file (type png)
<use logoTomasoni.png>
Package pdftex.def Info: logoTomasoni.png  used on input line 54.
(pdftex.def)             Requested size: 170.71652pt x 43.85843pt.


Package fancyhdr Warning: \headheight is too small (12.0pt): 
(fancyhdr)                Make it at least 93.60004pt, for example:
(fancyhdr)                \setlength{\headheight}{93.60004pt}.
(fancyhdr)                You might also make \topmargin smaller to compensate:

(fancyhdr)                \addtolength{\topmargin}{-81.60004pt}.

[18 <./src/imagesFlexo/02-machine/e-2.png>]
<src/imagesFlexo/02-machine/e-3.png, id=469, 770.88pt x 481.8pt>
File: src/imagesFlexo/02-machine/e-3.png Graphic file (type png)
<use src/imagesFlexo/02-machine/e-3.png>
Package pdftex.def Info: src/imagesFlexo/02-machine/e-3.png  used on input line
 63.
(pdftex.def)             Requested size: 578.15858pt x 361.3638pt.
File: logoTomasoni.png Graphic file (type png)
<use logoTomasoni.png>
Package pdftex.def Info: logoTomasoni.png  used on input line 70.
(pdftex.def)             Requested size: 170.71652pt x 43.85843pt.


Package fancyhdr Warning: \headheight is too small (12.0pt): 
(fancyhdr)                Make it at least 93.60004pt, for example:
(fancyhdr)                \setlength{\headheight}{93.60004pt}.
(fancyhdr)                You might also make \topmargin smaller to compensate:

(fancyhdr)                \addtolength{\topmargin}{-81.60004pt}.

[19 <./src/imagesFlexo/02-machine/e-3.png>]
<src/imagesFlexo/02-machine/e-4.png, id=475, 770.88pt x 481.8pt>
File: src/imagesFlexo/02-machine/e-4.png Graphic file (type png)
<use src/imagesFlexo/02-machine/e-4.png>
Package pdftex.def Info: src/imagesFlexo/02-machine/e-4.png  used on input line
 79.
(pdftex.def)             Requested size: 578.15858pt x 361.3638pt.
File: logoTomasoni.png Graphic file (type png)
<use logoTomasoni.png>
Package pdftex.def Info: logoTomasoni.png  used on input line 86.
(pdftex.def)             Requested size: 170.71652pt x 43.85843pt.


Package fancyhdr Warning: \headheight is too small (12.0pt): 
(fancyhdr)                Make it at least 93.60004pt, for example:
(fancyhdr)                \setlength{\headheight}{93.60004pt}.
(fancyhdr)                You might also make \topmargin smaller to compensate:

(fancyhdr)                \addtolength{\topmargin}{-81.60004pt}.

[20 <./src/imagesFlexo/02-machine/e-4.png>]
<src/imagesFlexo/02-machine/e-5.png, id=481, 770.88pt x 481.8pt>
File: src/imagesFlexo/02-machine/e-5.png Graphic file (type png)
<use src/imagesFlexo/02-machine/e-5.png>
Package pdftex.def Info: src/imagesFlexo/02-machine/e-5.png  used on input line
 95.
(pdftex.def)             Requested size: 578.15858pt x 361.3638pt.
File: logoTomasoni.png Graphic file (type png)
<use logoTomasoni.png>
Package pdftex.def Info: logoTomasoni.png  used on input line 102.
(pdftex.def)             Requested size: 170.71652pt x 43.85843pt.


Package fancyhdr Warning: \headheight is too small (12.0pt): 
(fancyhdr)                Make it at least 93.60004pt, for example:
(fancyhdr)                \setlength{\headheight}{93.60004pt}.
(fancyhdr)                You might also make \topmargin smaller to compensate:

(fancyhdr)                \addtolength{\topmargin}{-81.60004pt}.

[21 <./src/imagesFlexo/02-machine/e-5.png>]
<src/imagesFlexo/02-machine/e-6.png, id=487, 770.88pt x 481.8pt>
File: src/imagesFlexo/02-machine/e-6.png Graphic file (type png)
<use src/imagesFlexo/02-machine/e-6.png>
Package pdftex.def Info: src/imagesFlexo/02-machine/e-6.png  used on input line
 111.
(pdftex.def)             Requested size: 578.15858pt x 361.3638pt.
File: logoTomasoni.png Graphic file (type png)
<use logoTomasoni.png>
Package pdftex.def Info: logoTomasoni.png  used on input line 118.
(pdftex.def)             Requested size: 170.71652pt x 43.85843pt.


Package fancyhdr Warning: \headheight is too small (12.0pt): 
(fancyhdr)                Make it at least 93.60004pt, for example:
(fancyhdr)                \setlength{\headheight}{93.60004pt}.
(fancyhdr)                You might also make \topmargin smaller to compensate:

(fancyhdr)                \addtolength{\topmargin}{-81.60004pt}.

[22 <./src/imagesFlexo/02-machine/e-6.png>]
<src/imagesFlexo/02-machine/e-7.png, id=493, 770.88pt x 481.8pt>
File: src/imagesFlexo/02-machine/e-7.png Graphic file (type png)
<use src/imagesFlexo/02-machine/e-7.png>
Package pdftex.def Info: src/imagesFlexo/02-machine/e-7.png  used on input line
 127.
(pdftex.def)             Requested size: 578.15858pt x 361.3638pt.
File: logoTomasoni.png Graphic file (type png)
<use logoTomasoni.png>
Package pdftex.def Info: logoTomasoni.png  used on input line 134.
(pdftex.def)             Requested size: 170.71652pt x 43.85843pt.


Package fancyhdr Warning: \headheight is too small (12.0pt): 
(fancyhdr)                Make it at least 93.60004pt, for example:
(fancyhdr)                \setlength{\headheight}{93.60004pt}.
(fancyhdr)                You might also make \topmargin smaller to compensate:

(fancyhdr)                \addtolength{\topmargin}{-81.60004pt}.

[23 <./src/imagesFlexo/02-machine/e-7.png>]
<src/imagesFlexo/02-machine/e-Tela-Principal-2.png, id=499, 770.88pt x 481.8pt>

File: src/imagesFlexo/02-machine/e-Tela-Principal-2.png Graphic file (type png)

<use src/imagesFlexo/02-machine/e-Tela-Principal-2.png>
Package pdftex.def Info: src/imagesFlexo/02-machine/e-Tela-Principal-2.png  use
d on input line 147.
(pdftex.def)             Requested size: 578.15858pt x 361.3638pt.
File: logoTomasoni.png Graphic file (type png)
<use logoTomasoni.png>
Package pdftex.def Info: logoTomasoni.png  used on input line 152.
(pdftex.def)             Requested size: 170.71652pt x 43.85843pt.


Package fancyhdr Warning: \headheight is too small (12.0pt): 
(fancyhdr)                Make it at least 93.60004pt, for example:
(fancyhdr)                \setlength{\headheight}{93.60004pt}.
(fancyhdr)                You might also make \topmargin smaller to compensate:

(fancyhdr)                \addtolength{\topmargin}{-81.60004pt}.

[24 <./src/imagesFlexo/02-machine/e-Tela-Principal-2.png>]
<src/imagesFlexo/02-machine/e-9.png, id=506, 770.88pt x 481.8pt>
File: src/imagesFlexo/02-machine/e-9.png Graphic file (type png)
<use src/imagesFlexo/02-machine/e-9.png>
Package pdftex.def Info: src/imagesFlexo/02-machine/e-9.png  used on input line
 161.
(pdftex.def)             Requested size: 578.15858pt x 361.3638pt.
)
File: logoTomasoni.png Graphic file (type png)
<use logoTomasoni.png>
Package pdftex.def Info: logoTomasoni.png  used on input line 41.
(pdftex.def)             Requested size: 170.71652pt x 43.85843pt.


Package fancyhdr Warning: \headheight is too small (12.0pt): 
(fancyhdr)                Make it at least 93.60004pt, for example:
(fancyhdr)                \setlength{\headheight}{93.60004pt}.
(fancyhdr)                You might also make \topmargin smaller to compensate:

(fancyhdr)                \addtolength{\topmargin}{-81.60004pt}.

[25 <./src/imagesFlexo/02-machine/e-9.png>]
(pagesFlexo/screenDescriptions/03-feeder/commands/feederCommands.tex
<src/imagesFlexo/03-feeder/commands/e-Tela-Principal.png, id=512, 770.88pt x 48
1.8pt>
File: src/imagesFlexo/03-feeder/commands/e-Tela-Principal.png Graphic file (typ
e png)
<use src/imagesFlexo/03-feeder/commands/e-Tela-Principal.png>
Package pdftex.def Info: src/imagesFlexo/03-feeder/commands/e-Tela-Principal.pn
g  used on input line 8.
(pdftex.def)             Requested size: 578.15858pt x 361.3638pt.
File: logoTomasoni.png Graphic file (type png)
<use logoTomasoni.png>
Package pdftex.def Info: logoTomasoni.png  used on input line 13.
(pdftex.def)             Requested size: 170.71652pt x 43.85843pt.


Package fancyhdr Warning: \headheight is too small (12.0pt): 
(fancyhdr)                Make it at least 93.60004pt, for example:
(fancyhdr)                \setlength{\headheight}{93.60004pt}.
(fancyhdr)                You might also make \topmargin smaller to compensate:

(fancyhdr)                \addtolength{\topmargin}{-81.60004pt}.

[26 <./src/imagesFlexo/03-feeder/commands/e-Tela-Principal.png>]
<src/imagesFlexo/03-feeder/commands/e-1.png, id=518, 770.88pt x 481.8pt>
File: src/imagesFlexo/03-feeder/commands/e-1.png Graphic file (type png)
<use src/imagesFlexo/03-feeder/commands/e-1.png>
Package pdftex.def Info: src/imagesFlexo/03-feeder/commands/e-1.png  used on in
put line 19.
(pdftex.def)             Requested size: 578.15858pt x 361.3638pt.
File: logoTomasoni.png Graphic file (type png)
<use logoTomasoni.png>
Package pdftex.def Info: logoTomasoni.png  used on input line 26.
(pdftex.def)             Requested size: 170.71652pt x 43.85843pt.


Package fancyhdr Warning: \headheight is too small (12.0pt): 
(fancyhdr)                Make it at least 93.60004pt, for example:
(fancyhdr)                \setlength{\headheight}{93.60004pt}.
(fancyhdr)                You might also make \topmargin smaller to compensate:

(fancyhdr)                \addtolength{\topmargin}{-81.60004pt}.

[27 <./src/imagesFlexo/03-feeder/commands/e-1.png>]
<src/imagesFlexo/03-feeder/commands/e-2.png, id=525, 770.88pt x 481.8pt>
File: src/imagesFlexo/03-feeder/commands/e-2.png Graphic file (type png)
<use src/imagesFlexo/03-feeder/commands/e-2.png>
Package pdftex.def Info: src/imagesFlexo/03-feeder/commands/e-2.png  used on in
put line 32.
(pdftex.def)             Requested size: 578.15858pt x 361.3638pt.
File: logoTomasoni.png Graphic file (type png)
<use logoTomasoni.png>
Package pdftex.def Info: logoTomasoni.png  used on input line 38.
(pdftex.def)             Requested size: 170.71652pt x 43.85843pt.


Package fancyhdr Warning: \headheight is too small (12.0pt): 
(fancyhdr)                Make it at least 93.60004pt, for example:
(fancyhdr)                \setlength{\headheight}{93.60004pt}.
(fancyhdr)                You might also make \topmargin smaller to compensate:

(fancyhdr)                \addtolength{\topmargin}{-81.60004pt}.

[28 <./src/imagesFlexo/03-feeder/commands/e-2.png>]
<src/imagesFlexo/03-feeder/commands/e-3.png, id=531, 770.88pt x 481.8pt>
File: src/imagesFlexo/03-feeder/commands/e-3.png Graphic file (type png)
<use src/imagesFlexo/03-feeder/commands/e-3.png>
Package pdftex.def Info: src/imagesFlexo/03-feeder/commands/e-3.png  used on in
put line 44.
(pdftex.def)             Requested size: 578.15858pt x 361.3638pt.
File: logoTomasoni.png Graphic file (type png)
<use logoTomasoni.png>
Package pdftex.def Info: logoTomasoni.png  used on input line 50.
(pdftex.def)             Requested size: 170.71652pt x 43.85843pt.


Package fancyhdr Warning: \headheight is too small (12.0pt): 
(fancyhdr)                Make it at least 93.60004pt, for example:
(fancyhdr)                \setlength{\headheight}{93.60004pt}.
(fancyhdr)                You might also make \topmargin smaller to compensate:

(fancyhdr)                \addtolength{\topmargin}{-81.60004pt}.

[29 <./src/imagesFlexo/03-feeder/commands/e-3.png>]
<src/imagesFlexo/03-feeder/commands/e-4.png, id=537, 770.88pt x 481.8pt>
File: src/imagesFlexo/03-feeder/commands/e-4.png Graphic file (type png)
<use src/imagesFlexo/03-feeder/commands/e-4.png>
Package pdftex.def Info: src/imagesFlexo/03-feeder/commands/e-4.png  used on in
put line 56.
(pdftex.def)             Requested size: 578.15858pt x 361.3638pt.
File: logoTomasoni.png Graphic file (type png)
<use logoTomasoni.png>
Package pdftex.def Info: logoTomasoni.png  used on input line 62.
(pdftex.def)             Requested size: 170.71652pt x 43.85843pt.


Package fancyhdr Warning: \headheight is too small (12.0pt): 
(fancyhdr)                Make it at least 93.60004pt, for example:
(fancyhdr)                \setlength{\headheight}{93.60004pt}.
(fancyhdr)                You might also make \topmargin smaller to compensate:

(fancyhdr)                \addtolength{\topmargin}{-81.60004pt}.

[30 <./src/imagesFlexo/03-feeder/commands/e-4.png>]
<src/imagesFlexo/03-feeder/commands/e-5.png, id=544, 770.88pt x 481.8pt>
File: src/imagesFlexo/03-feeder/commands/e-5.png Graphic file (type png)
<use src/imagesFlexo/03-feeder/commands/e-5.png>
Package pdftex.def Info: src/imagesFlexo/03-feeder/commands/e-5.png  used on in
put line 68.
(pdftex.def)             Requested size: 578.15858pt x 361.3638pt.
File: logoTomasoni.png Graphic file (type png)
<use logoTomasoni.png>
Package pdftex.def Info: logoTomasoni.png  used on input line 74.
(pdftex.def)             Requested size: 170.71652pt x 43.85843pt.


Package fancyhdr Warning: \headheight is too small (12.0pt): 
(fancyhdr)                Make it at least 93.60004pt, for example:
(fancyhdr)                \setlength{\headheight}{93.60004pt}.
(fancyhdr)                You might also make \topmargin smaller to compensate:

(fancyhdr)                \addtolength{\topmargin}{-81.60004pt}.

[31 <./src/imagesFlexo/03-feeder/commands/e-5.png>]
<src/imagesFlexo/03-feeder/commands/e-6.png, id=550, 770.88pt x 481.8pt>
File: src/imagesFlexo/03-feeder/commands/e-6.png Graphic file (type png)
<use src/imagesFlexo/03-feeder/commands/e-6.png>
Package pdftex.def Info: src/imagesFlexo/03-feeder/commands/e-6.png  used on in
put line 80.
(pdftex.def)             Requested size: 578.15858pt x 361.3638pt.
)
File: logoTomasoni.png Graphic file (type png)
<use logoTomasoni.png>
Package pdftex.def Info: logoTomasoni.png  used on input line 44.
(pdftex.def)             Requested size: 170.71652pt x 43.85843pt.


Package fancyhdr Warning: \headheight is too small (12.0pt): 
(fancyhdr)                Make it at least 93.60004pt, for example:
(fancyhdr)                \setlength{\headheight}{93.60004pt}.
(fancyhdr)                You might also make \topmargin smaller to compensate:

(fancyhdr)                \addtolength{\topmargin}{-81.60004pt}.

[32 <./src/imagesFlexo/03-feeder/commands/e-6.png>]
(pagesFlexo/screenDescriptions/04-printter/01-printters/commands/printtersComma
nds.tex
<src/imagesFlexo/04-printter/01-printters/commands/e-Tela-Principal.png, id=556
, 770.88pt x 481.8pt>
File: src/imagesFlexo/04-printter/01-printters/commands/e-Tela-Principal.png Gr
aphic file (type png)
<use src/imagesFlexo/04-printter/01-printters/commands/e-Tela-Principal.png>
Package pdftex.def Info: src/imagesFlexo/04-printter/01-printters/commands/e-Te
la-Principal.png  used on input line 7.
(pdftex.def)             Requested size: 578.15858pt x 361.3638pt.
File: logoTomasoni.png Graphic file (type png)
<use logoTomasoni.png>
Package pdftex.def Info: logoTomasoni.png  used on input line 12.
(pdftex.def)             Requested size: 170.71652pt x 43.85843pt.


Package fancyhdr Warning: \headheight is too small (12.0pt): 
(fancyhdr)                Make it at least 93.60004pt, for example:
(fancyhdr)                \setlength{\headheight}{93.60004pt}.
(fancyhdr)                You might also make \topmargin smaller to compensate:

(fancyhdr)                \addtolength{\topmargin}{-81.60004pt}.

[33 <./src/imagesFlexo/04-printter/01-printters/commands/e-Tela-Principal.png>]
<src/imagesFlexo/04-printter/01-printters/commands/e-1.png, id=562, 770.88pt x 
481.8pt>
File: src/imagesFlexo/04-printter/01-printters/commands/e-1.png Graphic file (t
ype png)
<use src/imagesFlexo/04-printter/01-printters/commands/e-1.png>
Package pdftex.def Info: src/imagesFlexo/04-printter/01-printters/commands/e-1.
png  used on input line 18.
(pdftex.def)             Requested size: 578.15858pt x 361.3638pt.
File: logoTomasoni.png Graphic file (type png)
<use logoTomasoni.png>
Package pdftex.def Info: logoTomasoni.png  used on input line 24.
(pdftex.def)             Requested size: 170.71652pt x 43.85843pt.

Package fancyhdr Warning: \headheight is too small (12.0pt): 
(fancyhdr)                Make it at least 93.60004pt, for example:
(fancyhdr)                \setlength{\headheight}{93.60004pt}.
(fancyhdr)                You might also make \topmargin smaller to compensate:

(fancyhdr)                \addtolength{\topmargin}{-81.60004pt}.

[34 <./src/imagesFlexo/04-printter/01-printters/commands/e-1.png>]
<src/imagesFlexo/04-printter/01-printters/commands/e-2.png, id=568, 770.88pt x 
481.8pt>
File: src/imagesFlexo/04-printter/01-printters/commands/e-2.png Graphic file (t
ype png)
<use src/imagesFlexo/04-printter/01-printters/commands/e-2.png>
Package pdftex.def Info: src/imagesFlexo/04-printter/01-printters/commands/e-2.
png  used on input line 30.
(pdftex.def)             Requested size: 578.15858pt x 361.3638pt.
File: logoTomasoni.png Graphic file (type png)
<use logoTomasoni.png>
Package pdftex.def Info: logoTomasoni.png  used on input line 36.
(pdftex.def)             Requested size: 170.71652pt x 43.85843pt.


Package fancyhdr Warning: \headheight is too small (12.0pt): 
(fancyhdr)                Make it at least 93.60004pt, for example:
(fancyhdr)                \setlength{\headheight}{93.60004pt}.
(fancyhdr)                You might also make \topmargin smaller to compensate:

(fancyhdr)                \addtolength{\topmargin}{-81.60004pt}.

[35 <./src/imagesFlexo/04-printter/01-printters/commands/e-2.png>]
<src/imagesFlexo/04-printter/01-printters/commands/e-3.png, id=574, 770.88pt x 
481.8pt>
File: src/imagesFlexo/04-printter/01-printters/commands/e-3.png Graphic file (t
ype png)
<use src/imagesFlexo/04-printter/01-printters/commands/e-3.png>
Package pdftex.def Info: src/imagesFlexo/04-printter/01-printters/commands/e-3.
png  used on input line 42.
(pdftex.def)             Requested size: 578.15858pt x 361.3638pt.
File: logoTomasoni.png Graphic file (type png)
<use logoTomasoni.png>
Package pdftex.def Info: logoTomasoni.png  used on input line 48.
(pdftex.def)             Requested size: 170.71652pt x 43.85843pt.


Package fancyhdr Warning: \headheight is too small (12.0pt): 
(fancyhdr)                Make it at least 93.60004pt, for example:
(fancyhdr)                \setlength{\headheight}{93.60004pt}.
(fancyhdr)                You might also make \topmargin smaller to compensate:

(fancyhdr)                \addtolength{\topmargin}{-81.60004pt}.

[36 <./src/imagesFlexo/04-printter/01-printters/commands/e-3.png>]
<src/imagesFlexo/04-printter/01-printters/commands/e-4.png, id=581, 770.88pt x 
481.8pt>
File: src/imagesFlexo/04-printter/01-printters/commands/e-4.png Graphic file (t
ype png)
<use src/imagesFlexo/04-printter/01-printters/commands/e-4.png>
Package pdftex.def Info: src/imagesFlexo/04-printter/01-printters/commands/e-4.
png  used on input line 54.
(pdftex.def)             Requested size: 578.15858pt x 361.3638pt.
File: logoTomasoni.png Graphic file (type png)
<use logoTomasoni.png>
Package pdftex.def Info: logoTomasoni.png  used on input line 60.
(pdftex.def)             Requested size: 170.71652pt x 43.85843pt.


Package fancyhdr Warning: \headheight is too small (12.0pt): 
(fancyhdr)                Make it at least 93.60004pt, for example:
(fancyhdr)                \setlength{\headheight}{93.60004pt}.
(fancyhdr)                You might also make \topmargin smaller to compensate:

(fancyhdr)                \addtolength{\topmargin}{-81.60004pt}.

[37 <./src/imagesFlexo/04-printter/01-printters/commands/e-4.png>]
<src/imagesFlexo/04-printter/01-printters/commands/e-5.png, id=587, 770.88pt x 
481.8pt>
File: src/imagesFlexo/04-printter/01-printters/commands/e-5.png Graphic file (t
ype png)
<use src/imagesFlexo/04-printter/01-printters/commands/e-5.png>
Package pdftex.def Info: src/imagesFlexo/04-printter/01-printters/commands/e-5.
png  used on input line 66.
(pdftex.def)             Requested size: 578.15858pt x 361.3638pt.
File: logoTomasoni.png Graphic file (type png)
<use logoTomasoni.png>
Package pdftex.def Info: logoTomasoni.png  used on input line 72.
(pdftex.def)             Requested size: 170.71652pt x 43.85843pt.


Package fancyhdr Warning: \headheight is too small (12.0pt): 
(fancyhdr)                Make it at least 93.60004pt, for example:
(fancyhdr)                \setlength{\headheight}{93.60004pt}.
(fancyhdr)                You might also make \topmargin smaller to compensate:

(fancyhdr)                \addtolength{\topmargin}{-81.60004pt}.

[38 <./src/imagesFlexo/04-printter/01-printters/commands/e-5.png>]
<src/imagesFlexo/04-printter/01-printters/commands/e-6.png, id=593, 770.88pt x 
481.8pt>
File: src/imagesFlexo/04-printter/01-printters/commands/e-6.png Graphic file (t
ype png)
<use src/imagesFlexo/04-printter/01-printters/commands/e-6.png>
Package pdftex.def Info: src/imagesFlexo/04-printter/01-printters/commands/e-6.
png  used on input line 78.
(pdftex.def)             Requested size: 578.15858pt x 361.3638pt.
)
File: logoTomasoni.png Graphic file (type png)
<use logoTomasoni.png>
Package pdftex.def Info: logoTomasoni.png  used on input line 47.
(pdftex.def)             Requested size: 170.71652pt x 43.85843pt.


Package fancyhdr Warning: \headheight is too small (12.0pt): 
(fancyhdr)                Make it at least 93.60004pt, for example:
(fancyhdr)                \setlength{\headheight}{93.60004pt}.
(fancyhdr)                You might also make \topmargin smaller to compensate:

(fancyhdr)                \addtolength{\topmargin}{-81.60004pt}.

[39 <./src/imagesFlexo/04-printter/01-printters/commands/e-6.png>]
(pagesFlexo/screenDescriptions/04-printter/02-printter/commands/printterCommand
.tex
<src/imagesFlexo/04-printter/02-printter/commands/e-Tela-Principal.png, id=599,
 770.88pt x 481.8pt>
File: src/imagesFlexo/04-printter/02-printter/commands/e-Tela-Principal.png Gra
phic file (type png)
<use src/imagesFlexo/04-printter/02-printter/commands/e-Tela-Principal.png>
Package pdftex.def Info: src/imagesFlexo/04-printter/02-printter/commands/e-Tel
a-Principal.png  used on input line 8.
(pdftex.def)             Requested size: 578.15858pt x 361.3638pt.
File: logoTomasoni.png Graphic file (type png)
<use logoTomasoni.png>
Package pdftex.def Info: logoTomasoni.png  used on input line 13.
(pdftex.def)             Requested size: 170.71652pt x 43.85843pt.


Package fancyhdr Warning: \headheight is too small (12.0pt): 
(fancyhdr)                Make it at least 93.60004pt, for example:
(fancyhdr)                \setlength{\headheight}{93.60004pt}.
(fancyhdr)                You might also make \topmargin smaller to compensate:

(fancyhdr)                \addtolength{\topmargin}{-81.60004pt}.

[40 <./src/imagesFlexo/04-printter/02-printter/commands/e-Tela-Principal.png>]
<src/imagesFlexo/04-printter/02-printter/commands/e-2.png, id=605, 770.88pt x 4
81.8pt>
File: src/imagesFlexo/04-printter/02-printter/commands/e-2.png Graphic file (ty
pe png)
<use src/imagesFlexo/04-printter/02-printter/commands/e-2.png>
Package pdftex.def Info: src/imagesFlexo/04-printter/02-printter/commands/e-2.p
ng  used on input line 19.
(pdftex.def)             Requested size: 578.15858pt x 361.3638pt.
File: logoTomasoni.png Graphic file (type png)
<use logoTomasoni.png>
Package pdftex.def Info: logoTomasoni.png  used on input line 25.
(pdftex.def)             Requested size: 170.71652pt x 43.85843pt.


Package fancyhdr Warning: \headheight is too small (12.0pt): 
(fancyhdr)                Make it at least 93.60004pt, for example:
(fancyhdr)                \setlength{\headheight}{93.60004pt}.
(fancyhdr)                You might also make \topmargin smaller to compensate:

(fancyhdr)                \addtolength{\topmargin}{-81.60004pt}.

[41 <./src/imagesFlexo/04-printter/02-printter/commands/e-2.png>]
<src/imagesFlexo/04-printter/02-printter/commands/e-3.png, id=611, 770.88pt x 4
81.8pt>
File: src/imagesFlexo/04-printter/02-printter/commands/e-3.png Graphic file (ty
pe png)
<use src/imagesFlexo/04-printter/02-printter/commands/e-3.png>
Package pdftex.def Info: src/imagesFlexo/04-printter/02-printter/commands/e-3.p
ng  used on input line 31.
(pdftex.def)             Requested size: 578.15858pt x 361.3638pt.
File: logoTomasoni.png Graphic file (type png)
<use logoTomasoni.png>
Package pdftex.def Info: logoTomasoni.png  used on input line 37.
(pdftex.def)             Requested size: 170.71652pt x 43.85843pt.


Package fancyhdr Warning: \headheight is too small (12.0pt): 
(fancyhdr)                Make it at least 93.60004pt, for example:
(fancyhdr)                \setlength{\headheight}{93.60004pt}.
(fancyhdr)                You might also make \topmargin smaller to compensate:

(fancyhdr)                \addtolength{\topmargin}{-81.60004pt}.

[42 <./src/imagesFlexo/04-printter/02-printter/commands/e-3.png>]
<src/imagesFlexo/04-printter/02-printter/commands/e-4.png, id=618, 770.88pt x 4
81.8pt>
File: src/imagesFlexo/04-printter/02-printter/commands/e-4.png Graphic file (ty
pe png)
<use src/imagesFlexo/04-printter/02-printter/commands/e-4.png>
Package pdftex.def Info: src/imagesFlexo/04-printter/02-printter/commands/e-4.p
ng  used on input line 43.
(pdftex.def)             Requested size: 578.15858pt x 361.3638pt.
File: logoTomasoni.png Graphic file (type png)
<use logoTomasoni.png>
Package pdftex.def Info: logoTomasoni.png  used on input line 49.
(pdftex.def)             Requested size: 170.71652pt x 43.85843pt.


Package fancyhdr Warning: \headheight is too small (12.0pt): 
(fancyhdr)                Make it at least 93.60004pt, for example:
(fancyhdr)                \setlength{\headheight}{93.60004pt}.
(fancyhdr)                You might also make \topmargin smaller to compensate:

(fancyhdr)                \addtolength{\topmargin}{-81.60004pt}.

[43 <./src/imagesFlexo/04-printter/02-printter/commands/e-4.png>]
<src/imagesFlexo/04-printter/02-printter/commands/e-5.png, id=624, 770.88pt x 4
81.8pt>
File: src/imagesFlexo/04-printter/02-printter/commands/e-5.png Graphic file (ty
pe png)
<use src/imagesFlexo/04-printter/02-printter/commands/e-5.png>
Package pdftex.def Info: src/imagesFlexo/04-printter/02-printter/commands/e-5.p
ng  used on input line 55.
(pdftex.def)             Requested size: 578.15858pt x 361.3638pt.
File: logoTomasoni.png Graphic file (type png)
<use logoTomasoni.png>
Package pdftex.def Info: logoTomasoni.png  used on input line 61.
(pdftex.def)             Requested size: 170.71652pt x 43.85843pt.


Package fancyhdr Warning: \headheight is too small (12.0pt): 
(fancyhdr)                Make it at least 93.60004pt, for example:
(fancyhdr)                \setlength{\headheight}{93.60004pt}.
(fancyhdr)                You might also make \topmargin smaller to compensate:

(fancyhdr)                \addtolength{\topmargin}{-81.60004pt}.

[44 <./src/imagesFlexo/04-printter/02-printter/commands/e-5.png>]
<src/imagesFlexo/04-printter/02-printter/commands/e-6.png, id=630, 770.88pt x 4
81.8pt>
File: src/imagesFlexo/04-printter/02-printter/commands/e-6.png Graphic file (ty
pe png)
<use src/imagesFlexo/04-printter/02-printter/commands/e-6.png>
Package pdftex.def Info: src/imagesFlexo/04-printter/02-printter/commands/e-6.p
ng  used on input line 67.
(pdftex.def)             Requested size: 578.15858pt x 361.3638pt.
)
File: logoTomasoni.png Graphic file (type png)
<use logoTomasoni.png>
Package pdftex.def Info: logoTomasoni.png  used on input line 50.
(pdftex.def)             Requested size: 170.71652pt x 43.85843pt.


Package fancyhdr Warning: \headheight is too small (12.0pt): 
(fancyhdr)                Make it at least 93.60004pt, for example:
(fancyhdr)                \setlength{\headheight}{93.60004pt}.
(fancyhdr)                You might also make \topmargin smaller to compensate:

(fancyhdr)                \addtolength{\topmargin}{-81.60004pt}.

[45 <./src/imagesFlexo/04-printter/02-printter/commands/e-6.png>]
(pagesFlexo/screenDescriptions/05-slotter/commands/slotterCommands.tex
<src/imagesFlexo/05-slotter/commands/e-Tela-Principal.png, id=636, 770.88pt x 4
81.8pt>
File: src/imagesFlexo/05-slotter/commands/e-Tela-Principal.png Graphic file (ty
pe png)
<use src/imagesFlexo/05-slotter/commands/e-Tela-Principal.png>
Package pdftex.def Info: src/imagesFlexo/05-slotter/commands/e-Tela-Principal.p
ng  used on input line 7.
(pdftex.def)             Requested size: 578.15858pt x 361.3638pt.
File: logoTomasoni.png Graphic file (type png)
<use logoTomasoni.png>
Package pdftex.def Info: logoTomasoni.png  used on input line 12.
(pdftex.def)             Requested size: 170.71652pt x 43.85843pt.


Package fancyhdr Warning: \headheight is too small (12.0pt): 
(fancyhdr)                Make it at least 93.60004pt, for example:
(fancyhdr)                \setlength{\headheight}{93.60004pt}.
(fancyhdr)                You might also make \topmargin smaller to compensate:

(fancyhdr)                \addtolength{\topmargin}{-81.60004pt}.

[46 <./src/imagesFlexo/05-slotter/commands/e-Tela-Principal.png>]
<src/imagesFlexo/05-slotter/commands/e-2.png, id=642, 770.88pt x 481.8pt>
File: src/imagesFlexo/05-slotter/commands/e-2.png Graphic file (type png)
<use src/imagesFlexo/05-slotter/commands/e-2.png>
Package pdftex.def Info: src/imagesFlexo/05-slotter/commands/e-2.png  used on i
nput line 18.
(pdftex.def)             Requested size: 578.15858pt x 361.3638pt.
File: logoTomasoni.png Graphic file (type png)
<use logoTomasoni.png>
Package pdftex.def Info: logoTomasoni.png  used on input line 24.
(pdftex.def)             Requested size: 170.71652pt x 43.85843pt.


Package fancyhdr Warning: \headheight is too small (12.0pt): 
(fancyhdr)                Make it at least 93.60004pt, for example:
(fancyhdr)                \setlength{\headheight}{93.60004pt}.
(fancyhdr)                You might also make \topmargin smaller to compensate:

(fancyhdr)                \addtolength{\topmargin}{-81.60004pt}.

[47 <./src/imagesFlexo/05-slotter/commands/e-2.png>]
<src/imagesFlexo/05-slotter/commands/e-3.png, id=648, 770.88pt x 481.8pt>
File: src/imagesFlexo/05-slotter/commands/e-3.png Graphic file (type png)
<use src/imagesFlexo/05-slotter/commands/e-3.png>
Package pdftex.def Info: src/imagesFlexo/05-slotter/commands/e-3.png  used on i
nput line 30.
(pdftex.def)             Requested size: 578.15858pt x 361.3638pt.
File: logoTomasoni.png Graphic file (type png)
<use logoTomasoni.png>
Package pdftex.def Info: logoTomasoni.png  used on input line 37.
(pdftex.def)             Requested size: 170.71652pt x 43.85843pt.


Package fancyhdr Warning: \headheight is too small (12.0pt): 
(fancyhdr)                Make it at least 93.60004pt, for example:
(fancyhdr)                \setlength{\headheight}{93.60004pt}.
(fancyhdr)                You might also make \topmargin smaller to compensate:

(fancyhdr)                \addtolength{\topmargin}{-81.60004pt}.

[48 <./src/imagesFlexo/05-slotter/commands/e-3.png>]
<src/imagesFlexo/05-slotter/commands/e-4.png, id=655, 770.88pt x 481.8pt>
File: src/imagesFlexo/05-slotter/commands/e-4.png Graphic file (type png)
<use src/imagesFlexo/05-slotter/commands/e-4.png>
Package pdftex.def Info: src/imagesFlexo/05-slotter/commands/e-4.png  used on i
nput line 43.
(pdftex.def)             Requested size: 578.15858pt x 361.3638pt.
File: logoTomasoni.png Graphic file (type png)
<use logoTomasoni.png>
Package pdftex.def Info: logoTomasoni.png  used on input line 49.
(pdftex.def)             Requested size: 170.71652pt x 43.85843pt.


Package fancyhdr Warning: \headheight is too small (12.0pt): 
(fancyhdr)                Make it at least 93.60004pt, for example:
(fancyhdr)                \setlength{\headheight}{93.60004pt}.
(fancyhdr)                You might also make \topmargin smaller to compensate:

(fancyhdr)                \addtolength{\topmargin}{-81.60004pt}.

[49 <./src/imagesFlexo/05-slotter/commands/e-4.png>]
<src/imagesFlexo/05-slotter/commands/e-5.png, id=661, 770.88pt x 481.8pt>
File: src/imagesFlexo/05-slotter/commands/e-5.png Graphic file (type png)
<use src/imagesFlexo/05-slotter/commands/e-5.png>
Package pdftex.def Info: src/imagesFlexo/05-slotter/commands/e-5.png  used on i
nput line 55.
(pdftex.def)             Requested size: 578.15858pt x 361.3638pt.
)
File: logoTomasoni.png Graphic file (type png)
<use logoTomasoni.png>
Package pdftex.def Info: logoTomasoni.png  used on input line 53.
(pdftex.def)             Requested size: 170.71652pt x 43.85843pt.


Package fancyhdr Warning: \headheight is too small (12.0pt): 
(fancyhdr)                Make it at least 93.60004pt, for example:
(fancyhdr)                \setlength{\headheight}{93.60004pt}.
(fancyhdr)                You might also make \topmargin smaller to compensate:

(fancyhdr)                \addtolength{\topmargin}{-81.60004pt}.

[50 <./src/imagesFlexo/05-slotter/commands/e-5.png>]
(pagesFlexo/screenDescriptions/06-drilling/commands/drillingCommands.tex
<src/imagesFlexo/06-drilling/commands/e-Tela-Principal.png, id=667, 770.88pt x 
481.8pt>
File: src/imagesFlexo/06-drilling/commands/e-Tela-Principal.png Graphic file (t
ype png)
<use src/imagesFlexo/06-drilling/commands/e-Tela-Principal.png>
Package pdftex.def Info: src/imagesFlexo/06-drilling/commands/e-Tela-Principal.
png  used on input line 7.
(pdftex.def)             Requested size: 578.15858pt x 361.3638pt.
File: logoTomasoni.png Graphic file (type png)
<use logoTomasoni.png>
Package pdftex.def Info: logoTomasoni.png  used on input line 12.
(pdftex.def)             Requested size: 170.71652pt x 43.85843pt.


Package fancyhdr Warning: \headheight is too small (12.0pt): 
(fancyhdr)                Make it at least 93.60004pt, for example:
(fancyhdr)                \setlength{\headheight}{93.60004pt}.
(fancyhdr)                You might also make \topmargin smaller to compensate:

(fancyhdr)                \addtolength{\topmargin}{-81.60004pt}.

[51 <./src/imagesFlexo/06-drilling/commands/e-Tela-Principal.png>]
<src/imagesFlexo/06-drilling/commands/e-1.png, id=673, 770.88pt x 481.8pt>
File: src/imagesFlexo/06-drilling/commands/e-1.png Graphic file (type png)
<use src/imagesFlexo/06-drilling/commands/e-1.png>
Package pdftex.def Info: src/imagesFlexo/06-drilling/commands/e-1.png  used on 
input line 18.
(pdftex.def)             Requested size: 578.15858pt x 361.3638pt.
File: logoTomasoni.png Graphic file (type png)
<use logoTomasoni.png>
Package pdftex.def Info: logoTomasoni.png  used on input line 24.
(pdftex.def)             Requested size: 170.71652pt x 43.85843pt.


Package fancyhdr Warning: \headheight is too small (12.0pt): 
(fancyhdr)                Make it at least 93.60004pt, for example:
(fancyhdr)                \setlength{\headheight}{93.60004pt}.
(fancyhdr)                You might also make \topmargin smaller to compensate:

(fancyhdr)                \addtolength{\topmargin}{-81.60004pt}.

[52 <./src/imagesFlexo/06-drilling/commands/e-1.png>]
<src/imagesFlexo/06-drilling/commands/e-2.png, id=679, 770.88pt x 481.8pt>
File: src/imagesFlexo/06-drilling/commands/e-2.png Graphic file (type png)
<use src/imagesFlexo/06-drilling/commands/e-2.png>
Package pdftex.def Info: src/imagesFlexo/06-drilling/commands/e-2.png  used on 
input line 30.
(pdftex.def)             Requested size: 578.15858pt x 361.3638pt.
File: logoTomasoni.png Graphic file (type png)
<use logoTomasoni.png>
Package pdftex.def Info: logoTomasoni.png  used on input line 36.
(pdftex.def)             Requested size: 170.71652pt x 43.85843pt.


Package fancyhdr Warning: \headheight is too small (12.0pt): 
(fancyhdr)                Make it at least 93.60004pt, for example:
(fancyhdr)                \setlength{\headheight}{93.60004pt}.
(fancyhdr)                You might also make \topmargin smaller to compensate:

(fancyhdr)                \addtolength{\topmargin}{-81.60004pt}.

[53 <./src/imagesFlexo/06-drilling/commands/e-2.png>]
<src/imagesFlexo/06-drilling/commands/e-3.png, id=685, 770.88pt x 481.8pt>
File: src/imagesFlexo/06-drilling/commands/e-3.png Graphic file (type png)
<use src/imagesFlexo/06-drilling/commands/e-3.png>
Package pdftex.def Info: src/imagesFlexo/06-drilling/commands/e-3.png  used on 
input line 42.
(pdftex.def)             Requested size: 578.15858pt x 361.3638pt.
File: logoTomasoni.png Graphic file (type png)
<use logoTomasoni.png>
Package pdftex.def Info: logoTomasoni.png  used on input line 48.
(pdftex.def)             Requested size: 170.71652pt x 43.85843pt.


Package fancyhdr Warning: \headheight is too small (12.0pt): 
(fancyhdr)                Make it at least 93.60004pt, for example:
(fancyhdr)                \setlength{\headheight}{93.60004pt}.
(fancyhdr)                You might also make \topmargin smaller to compensate:

(fancyhdr)                \addtolength{\topmargin}{-81.60004pt}.

[54 <./src/imagesFlexo/06-drilling/commands/e-3.png>]
<src/imagesFlexo/06-drilling/commands/e-4.png, id=692, 770.88pt x 481.8pt>
File: src/imagesFlexo/06-drilling/commands/e-4.png Graphic file (type png)
<use src/imagesFlexo/06-drilling/commands/e-4.png>
Package pdftex.def Info: src/imagesFlexo/06-drilling/commands/e-4.png  used on 
input line 54.
(pdftex.def)             Requested size: 578.15858pt x 361.3638pt.
)
File: logoTomasoni.png Graphic file (type png)
<use logoTomasoni.png>
Package pdftex.def Info: logoTomasoni.png  used on input line 56.
(pdftex.def)             Requested size: 170.71652pt x 43.85843pt.


Package fancyhdr Warning: \headheight is too small (12.0pt): 
(fancyhdr)                Make it at least 93.60004pt, for example:
(fancyhdr)                \setlength{\headheight}{93.60004pt}.
(fancyhdr)                You might also make \topmargin smaller to compensate:

(fancyhdr)                \addtolength{\topmargin}{-81.60004pt}.

[55 <./src/imagesFlexo/06-drilling/commands/e-4.png>]
(pagesFlexo/screenDescriptions/07-fold/commands/foldCommands.tex
<src/imagesFlexo/07-fold/commands/e-Tela-Principal.png, id=698, 770.88pt x 481.
8pt>
File: src/imagesFlexo/07-fold/commands/e-Tela-Principal.png Graphic file (type 
png)
<use src/imagesFlexo/07-fold/commands/e-Tela-Principal.png>
Package pdftex.def Info: src/imagesFlexo/07-fold/commands/e-Tela-Principal.png 
 used on input line 7.
(pdftex.def)             Requested size: 578.15858pt x 361.3638pt.
File: logoTomasoni.png Graphic file (type png)
<use logoTomasoni.png>
Package pdftex.def Info: logoTomasoni.png  used on input line 12.
(pdftex.def)             Requested size: 170.71652pt x 43.85843pt.


Package fancyhdr Warning: \headheight is too small (12.0pt): 
(fancyhdr)                Make it at least 93.60004pt, for example:
(fancyhdr)                \setlength{\headheight}{93.60004pt}.
(fancyhdr)                You might also make \topmargin smaller to compensate:

(fancyhdr)                \addtolength{\topmargin}{-81.60004pt}.

[56 <./src/imagesFlexo/07-fold/commands/e-Tela-Principal.png>]
<src/imagesFlexo/07-fold/commands/e-1.png, id=704, 770.88pt x 481.8pt>
File: src/imagesFlexo/07-fold/commands/e-1.png Graphic file (type png)
<use src/imagesFlexo/07-fold/commands/e-1.png>
Package pdftex.def Info: src/imagesFlexo/07-fold/commands/e-1.png  used on inpu
t line 18.
(pdftex.def)             Requested size: 578.15858pt x 361.3638pt.
File: logoTomasoni.png Graphic file (type png)
<use logoTomasoni.png>
Package pdftex.def Info: logoTomasoni.png  used on input line 24.
(pdftex.def)             Requested size: 170.71652pt x 43.85843pt.


Package fancyhdr Warning: \headheight is too small (12.0pt): 
(fancyhdr)                Make it at least 93.60004pt, for example:
(fancyhdr)                \setlength{\headheight}{93.60004pt}.
(fancyhdr)                You might also make \topmargin smaller to compensate:

(fancyhdr)                \addtolength{\topmargin}{-81.60004pt}.

[57 <./src/imagesFlexo/07-fold/commands/e-1.png>]
<src/imagesFlexo/07-fold/commands/e-2.png, id=710, 770.88pt x 481.8pt>
File: src/imagesFlexo/07-fold/commands/e-2.png Graphic file (type png)
<use src/imagesFlexo/07-fold/commands/e-2.png>
Package pdftex.def Info: src/imagesFlexo/07-fold/commands/e-2.png  used on inpu
t line 30.
(pdftex.def)             Requested size: 578.15858pt x 361.3638pt.
File: logoTomasoni.png Graphic file (type png)
<use logoTomasoni.png>
Package pdftex.def Info: logoTomasoni.png  used on input line 36.
(pdftex.def)             Requested size: 170.71652pt x 43.85843pt.


Package fancyhdr Warning: \headheight is too small (12.0pt): 
(fancyhdr)                Make it at least 93.60004pt, for example:
(fancyhdr)                \setlength{\headheight}{93.60004pt}.
(fancyhdr)                You might also make \topmargin smaller to compensate:

(fancyhdr)                \addtolength{\topmargin}{-81.60004pt}.

[58 <./src/imagesFlexo/07-fold/commands/e-2.png>]
<src/imagesFlexo/07-fold/commands/e-3.png, id=716, 770.88pt x 481.8pt>
File: src/imagesFlexo/07-fold/commands/e-3.png Graphic file (type png)
<use src/imagesFlexo/07-fold/commands/e-3.png>
Package pdftex.def Info: src/imagesFlexo/07-fold/commands/e-3.png  used on inpu
t line 42.
(pdftex.def)             Requested size: 578.15858pt x 361.3638pt.
File: logoTomasoni.png Graphic file (type png)
<use logoTomasoni.png>
Package pdftex.def Info: logoTomasoni.png  used on input line 48.
(pdftex.def)             Requested size: 170.71652pt x 43.85843pt.


Package fancyhdr Warning: \headheight is too small (12.0pt): 
(fancyhdr)                Make it at least 93.60004pt, for example:
(fancyhdr)                \setlength{\headheight}{93.60004pt}.
(fancyhdr)                You might also make \topmargin smaller to compensate:

(fancyhdr)                \addtolength{\topmargin}{-81.60004pt}.

[59 <./src/imagesFlexo/07-fold/commands/e-3.png>]
<src/imagesFlexo/07-fold/commands/e-4.png, id=722, 770.88pt x 481.8pt>
File: src/imagesFlexo/07-fold/commands/e-4.png Graphic file (type png)
<use src/imagesFlexo/07-fold/commands/e-4.png>
Package pdftex.def Info: src/imagesFlexo/07-fold/commands/e-4.png  used on inpu
t line 54.
(pdftex.def)             Requested size: 578.15858pt x 361.3638pt.
File: logoTomasoni.png Graphic file (type png)
<use logoTomasoni.png>
Package pdftex.def Info: logoTomasoni.png  used on input line 60.
(pdftex.def)             Requested size: 170.71652pt x 43.85843pt.


Package fancyhdr Warning: \headheight is too small (12.0pt): 
(fancyhdr)                Make it at least 93.60004pt, for example:
(fancyhdr)                \setlength{\headheight}{93.60004pt}.
(fancyhdr)                You might also make \topmargin smaller to compensate:

(fancyhdr)                \addtolength{\topmargin}{-81.60004pt}.

[60 <./src/imagesFlexo/07-fold/commands/e-4.png>]
<src/imagesFlexo/07-fold/commands/e-5.png, id=729, 770.88pt x 481.8pt>
File: src/imagesFlexo/07-fold/commands/e-5.png Graphic file (type png)
<use src/imagesFlexo/07-fold/commands/e-5.png>
Package pdftex.def Info: src/imagesFlexo/07-fold/commands/e-5.png  used on inpu
t line 66.
(pdftex.def)             Requested size: 578.15858pt x 361.3638pt.
File: logoTomasoni.png Graphic file (type png)
<use logoTomasoni.png>
Package pdftex.def Info: logoTomasoni.png  used on input line 72.
(pdftex.def)             Requested size: 170.71652pt x 43.85843pt.


Package fancyhdr Warning: \headheight is too small (12.0pt): 
(fancyhdr)                Make it at least 93.60004pt, for example:
(fancyhdr)                \setlength{\headheight}{93.60004pt}.
(fancyhdr)                You might also make \topmargin smaller to compensate:

(fancyhdr)                \addtolength{\topmargin}{-81.60004pt}.

[61 <./src/imagesFlexo/07-fold/commands/e-5.png>]
<src/imagesFlexo/07-fold/commands/e-6.png, id=735, 770.88pt x 481.8pt>
File: src/imagesFlexo/07-fold/commands/e-6.png Graphic file (type png)
<use src/imagesFlexo/07-fold/commands/e-6.png>
Package pdftex.def Info: src/imagesFlexo/07-fold/commands/e-6.png  used on inpu
t line 78.
(pdftex.def)             Requested size: 578.15858pt x 361.3638pt.
File: logoTomasoni.png Graphic file (type png)
<use logoTomasoni.png>
Package pdftex.def Info: logoTomasoni.png  used on input line 84.
(pdftex.def)             Requested size: 170.71652pt x 43.85843pt.


Package fancyhdr Warning: \headheight is too small (12.0pt): 
(fancyhdr)                Make it at least 93.60004pt, for example:
(fancyhdr)                \setlength{\headheight}{93.60004pt}.
(fancyhdr)                You might also make \topmargin smaller to compensate:

(fancyhdr)                \addtolength{\topmargin}{-81.60004pt}.

[62 <./src/imagesFlexo/07-fold/commands/e-6.png>]
<src/imagesFlexo/07-fold/commands/e-7.png, id=741, 770.88pt x 481.8pt>
File: src/imagesFlexo/07-fold/commands/e-7.png Graphic file (type png)
<use src/imagesFlexo/07-fold/commands/e-7.png>
Package pdftex.def Info: src/imagesFlexo/07-fold/commands/e-7.png  used on inpu
t line 90.
(pdftex.def)             Requested size: 578.15858pt x 361.3638pt.
)
File: logoTomasoni.png Graphic file (type png)
<use logoTomasoni.png>
Package pdftex.def Info: logoTomasoni.png  used on input line 59.
(pdftex.def)             Requested size: 170.71652pt x 43.85843pt.


Package fancyhdr Warning: \headheight is too small (12.0pt): 
(fancyhdr)                Make it at least 93.60004pt, for example:
(fancyhdr)                \setlength{\headheight}{93.60004pt}.
(fancyhdr)                You might also make \topmargin smaller to compensate:

(fancyhdr)                \addtolength{\topmargin}{-81.60004pt}.

[63 <./src/imagesFlexo/07-fold/commands/e-7.png>]
(pagesFlexo/screenDescriptions/08-count/commands/countCommands.tex
<src/imagesFlexo/08-count/commands/e-Tela-Principal.png, id=747, 770.88pt x 481
.8pt>
File: src/imagesFlexo/08-count/commands/e-Tela-Principal.png Graphic file (type
 png)
<use src/imagesFlexo/08-count/commands/e-Tela-Principal.png>
Package pdftex.def Info: src/imagesFlexo/08-count/commands/e-Tela-Principal.png
  used on input line 7.
(pdftex.def)             Requested size: 578.15858pt x 361.3638pt.
File: logoTomasoni.png Graphic file (type png)
<use logoTomasoni.png>
Package pdftex.def Info: logoTomasoni.png  used on input line 12.
(pdftex.def)             Requested size: 170.71652pt x 43.85843pt.


Package fancyhdr Warning: \headheight is too small (12.0pt): 
(fancyhdr)                Make it at least 93.60004pt, for example:
(fancyhdr)                \setlength{\headheight}{93.60004pt}.
(fancyhdr)                You might also make \topmargin smaller to compensate:

(fancyhdr)                \addtolength{\topmargin}{-81.60004pt}.

[64 <./src/imagesFlexo/08-count/commands/e-Tela-Principal.png>]
<src/imagesFlexo/08-count/commands/e-1.png, id=753, 770.88pt x 481.8pt>
File: src/imagesFlexo/08-count/commands/e-1.png Graphic file (type png)
<use src/imagesFlexo/08-count/commands/e-1.png>
Package pdftex.def Info: src/imagesFlexo/08-count/commands/e-1.png  used on inp
ut line 18.
(pdftex.def)             Requested size: 578.15858pt x 361.3638pt.
File: logoTomasoni.png Graphic file (type png)
<use logoTomasoni.png>
Package pdftex.def Info: logoTomasoni.png  used on input line 24.
(pdftex.def)             Requested size: 170.71652pt x 43.85843pt.


Package fancyhdr Warning: \headheight is too small (12.0pt): 
(fancyhdr)                Make it at least 93.60004pt, for example:
(fancyhdr)                \setlength{\headheight}{93.60004pt}.
(fancyhdr)                You might also make \topmargin smaller to compensate:

(fancyhdr)                \addtolength{\topmargin}{-81.60004pt}.

[65 <./src/imagesFlexo/08-count/commands/e-1.png>]
File: src/imagesFlexo/08-count/commands/e-1.png Graphic file (type png)
<use src/imagesFlexo/08-count/commands/e-1.png>
Package pdftex.def Info: src/imagesFlexo/08-count/commands/e-1.png  used on inp
ut line 30.
(pdftex.def)             Requested size: 578.15858pt x 361.3638pt.
File: logoTomasoni.png Graphic file (type png)
<use logoTomasoni.png>
Package pdftex.def Info: logoTomasoni.png  used on input line 36.
(pdftex.def)             Requested size: 170.71652pt x 43.85843pt.


Package fancyhdr Warning: \headheight is too small (12.0pt): 
(fancyhdr)                Make it at least 93.60004pt, for example:
(fancyhdr)                \setlength{\headheight}{93.60004pt}.
(fancyhdr)                You might also make \topmargin smaller to compensate:

(fancyhdr)                \addtolength{\topmargin}{-81.60004pt}.

[66]
File: src/imagesFlexo/08-count/commands/e-1.png Graphic file (type png)
<use src/imagesFlexo/08-count/commands/e-1.png>
Package pdftex.def Info: src/imagesFlexo/08-count/commands/e-1.png  used on inp
ut line 42.
(pdftex.def)             Requested size: 578.15858pt x 361.3638pt.
)
File: logoTomasoni.png Graphic file (type png)
<use logoTomasoni.png>
Package pdftex.def Info: logoTomasoni.png  used on input line 62.
(pdftex.def)             Requested size: 170.71652pt x 43.85843pt.


Package fancyhdr Warning: \headheight is too small (12.0pt): 
(fancyhdr)                Make it at least 93.60004pt, for example:
(fancyhdr)                \setlength{\headheight}{93.60004pt}.
(fancyhdr)                You might also make \topmargin smaller to compensate:

(fancyhdr)                \addtolength{\topmargin}{-81.60004pt}.

[67] (main.aux)

LaTeX Warning: There were multiply-defined labels.

Package rerunfilecheck Info: File `main.out' has not changed.
(rerunfilecheck)             Checksum: 91CFBC8809AB73E839D52CB81AB9FEF3;14776.
 ) 
Here is how much of TeX's memory you used:
 10277 strings out of 476404
 183330 string characters out of 2783388
 1867324 words of memory out of 3000000
 30252 multiletter control sequences out of 15000+600000
 515699 words of font info for 43 fonts, out of 8000000 for 9000
 1141 hyphenation exceptions out of 8191
 75i,16n,83p,656b,543s stack positions out of 10000i,1000n,20000p,200000b,80000s
 <C:\Users\guilherme.oliveira\AppData\Local\MiKTeX\fonts/pk/ljfour/jknappen/e
c/dpi600\tcrm1000.pk><C:/Users/guilherme.oliveira/AppData/Local/Programs/MiKTeX
/fonts/type1/public/amsfonts/cm/cmbx10.pfb><C:/Users/guilherme.oliveira/AppData
/Local/Programs/MiKTeX/fonts/type1/public/amsfonts/cm/cmbx12.pfb><C:/Users/guil
herme.oliveira/AppData/Local/Programs/MiKTeX/fonts/type1/public/amsfonts/cm/cmb
x9.pfb><C:/Users/guilherme.oliveira/AppData/Local/Programs/MiKTeX/fonts/type1/p
ublic/amsfonts/cm/cmmi10.pfb><C:/Users/guilherme.oliveira/AppData/Local/Program
s/MiKTeX/fonts/type1/public/amsfonts/cm/cmr10.pfb><C:/Users/guilherme.oliveira/
AppData/Local/Programs/MiKTeX/fonts/type1/public/amsfonts/cm/cmr12.pfb><C:/User
s/guilherme.oliveira/AppData/Local/Programs/MiKTeX/fonts/type1/public/amsfonts/
cm/cmr9.pfb><C:/Users/guilherme.oliveira/AppData/Local/Programs/MiKTeX/fonts/ty
pe1/public/amsfonts/cm/cmti10.pfb>
Output written on C:/Users\guilherme.oliveira\Documents\repositorios\tomasoniMa
nual\out\main.pdf (68 pages, 8882109 bytes).
PDF statistics:
 852 PDF objects out of 1000 (max. 8388607)
 198 named destinations out of 1000 (max. 500000)
 854 words of extra memory for PDF output out of 10000 (max. 10000000)

